
时间：2019-03-28 10:09:19   IP：118.207.50.240 Userid:130840
====================+++++++++++++++++++开始+++++++++++++++++++================


其它输出：

2019-03-28 10:09:19:  {"tender_order_id":"224","qrcode":["03171034"]}

2019-03-28 10:09:19:"INSERT INTO maps_order(`userid`,`map_id`,`qrcode`,`time`) VALUES('126503','9','03171034','\u6d4b\u8bd5\u767e\u91cc\u6811','4-5','8-10','','1.5-2','\u758f\u679d\u4fee\u526a\uff0c\u4e09\u5206\u679d\u4ee5\u4e0a\uff0c\u84ec\u51a0\u4e30\u6ee1\uff0c\u6811\u5e72\u633a\u62d4','\u682a','')"

2019-03-28 10:09:19:{"status":1,"msg":"\u7ed1\u5b9a\u5931\u8d25,\u8bf7\u91cd\u65b0\u7ed1\u5b9a\uff01","unsum":0,"uninsert":null}
====================+++++++++++++++++++结束+++++++++++++++++++================



时间：2019-03-28 10:09:53   IP：118.207.50.240 Userid:130840
====================+++++++++++++++++++开始+++++++++++++++++++================


其它输出：

2019-03-28 10:09:53:  {"tender_order_id":"224","qrcode":["1234567098765"]}

2019-03-28 10:09:53:"INSERT INTO maps_order(`userid`,`map_id`,`qrcode`,`time`) VALUES('126503','9','1234567098765','\u6d4b\u8bd5\u767e\u91cc\u6811','4-5','8-10','','1.5-2','\u758f\u679d\u4fee\u526a\uff0c\u4e09\u5206\u679d\u4ee5\u4e0a\uff0c\u84ec\u51a0\u4e30\u6ee1\uff0c\u6811\u5e72\u633a\u62d4','\u682a','')"

2019-03-28 10:09:53:{"status":1,"msg":"\u7ed1\u5b9a\u5931\u8d25,\u8bf7\u91cd\u65b0\u7ed1\u5b9a\uff01","unsum":0,"uninsert":null}
====================+++++++++++++++++++结束+++++++++++++++++++================



时间：2019-03-28 10:12:45   IP：118.207.50.240 Userid:130840
====================+++++++++++++++++++开始+++++++++++++++++++================


其它输出：

2019-03-28 10:12:45:  {"tender_order_id":"224","qrcode":["1234567890"]}

2019-03-28 10:12:45:"INSERT INTO maps_order(`userid`,`map_id`,`qrcode`,`tree_name`,`plant_height`,`dbh`,`ground_diameter`,`crown`,`tree_attribute`,`company`,`high_branch_point`,`time`) VALUES('126503','9','1234567890','\u6d4b\u8bd5\u767e\u91cc\u6811','4-5','8-10','','1.5-2','\u758f\u679d\u4fee\u526a\uff0c\u4e09\u5206\u679d\u4ee5\u4e0a\uff0c\u84ec\u51a0\u4e30\u6ee1\uff0c\u6811\u5e72\u633a\u62d4','\u682a','','1553739165')"

2019-03-28 10:12:45:{"status":1,"msg":"\u7ed1\u5b9a\u5931\u8d25,\u8bf7\u91cd\u65b0\u7ed1\u5b9a\uff01","unsum":0,"uninsert":null}
====================+++++++++++++++++++结束+++++++++++++++++++================


