
时间：2019-03-20 10:16:24   IP：14.131.69.50 Userid:130840
====================+++++++++++++++++++开始+++++++++++++++++++================


其它输出：

生成合同时间：2019-03-20 10:16:24  所有树ID："2160"

发生时间：2019-03-20 10:16:24  供应商在该项目下投的所有树的信息：[{"tree_seq_num":1,"tree_name":"\u57fa\u91d1\u4f1a\u6cb9\u677e","plant_height":"2-2.5","dbh":"","ground_diameter":"","crown":"","remarks":"","company":"\u682a","tree_num":"13","price":null}]

生成Excel时间：2019-03-20 10:16:25  Excel路径："..\/upload\/xlsx\/excel1553048184.xlsx"

生成Word时间：2019-03-20 10:16:25  Word路径："..\/word\/test\/world1553048185.docx"

生成zip包时间：2019-03-20 10:16:25  zip路径："..\/upload\/zip\/1553048185.zip"

发生时间：2019-03-20 10:16:25  备注：{"status":1,"msg":"\u4e0b\u8f7d\u5408\u540c\u6210\u529f"}
====================+++++++++++++++++++结束+++++++++++++++++++================



时间：2019-03-20 10:17:26   IP：58.246.221.162 Userid:
====================+++++++++++++++++++开始+++++++++++++++++++================


其它输出：

生成合同时间：2019-03-20 10:17:26  所有树ID："2160"

发生时间：2019-03-20 10:17:26  供应商在该项目下投的所有树的信息：[{"tree_seq_num":1,"tree_name":"\u57fa\u91d1\u4f1a\u6cb9\u677e","plant_height":"2-2.5","dbh":"","ground_diameter":"","crown":"","remarks":"","company":"\u682a","tree_num":"13","price":null}]

生成Excel时间：2019-03-20 10:17:26  Excel路径："..\/upload\/xlsx\/excel1553048246.xlsx"

生成Word时间：2019-03-20 10:17:26  Word路径："..\/word\/test\/world1553048246.docx"

生成zip包时间：2019-03-20 10:17:26  zip路径："..\/upload\/zip\/1553048246.zip"

发生时间：2019-03-20 10:17:26  备注：{"status":1,"msg":"\u4e0b\u8f7d\u5408\u540c\u6210\u529f"}
====================+++++++++++++++++++结束+++++++++++++++++++================



时间：2019-03-20 13:20:08   IP：14.131.69.50 Userid:108952
====================+++++++++++++++++++开始+++++++++++++++++++================


其它输出：

生成合同时间：2019-03-20 13:20:08  所有树ID："2160"

发生时间：2019-03-20 13:20:08  供应商在该项目下投的所有树的信息：[{"tree_seq_num":1,"tree_name":"\u57fa\u91d1\u4f1a\u6cb9\u677e","plant_height":"2-2.5","dbh":"","ground_diameter":"","crown":"","remarks":"","company":"\u682a","tree_num":"13","price":null}]

生成Excel时间：2019-03-20 13:20:08  Excel路径："..\/upload\/xlsx\/excel1553059208.xlsx"

生成Word时间：2019-03-20 13:20:08  Word路径："..\/word\/test\/world1553059208.docx"

生成zip包时间：2019-03-20 13:20:08  zip路径："..\/upload\/zip\/1553059208.zip"

发生时间：2019-03-20 13:20:08  备注：{"status":1,"msg":"\u4e0b\u8f7d\u5408\u540c\u6210\u529f"}
====================+++++++++++++++++++结束+++++++++++++++++++================



时间：2019-03-20 13:21:08   IP：58.246.221.61 Userid:
====================+++++++++++++++++++开始+++++++++++++++++++================


其它输出：

生成合同时间：2019-03-20 13:21:08  所有树ID："2160"

发生时间：2019-03-20 13:21:08  供应商在该项目下投的所有树的信息：[{"tree_seq_num":1,"tree_name":"\u57fa\u91d1\u4f1a\u6cb9\u677e","plant_height":"2-2.5","dbh":"","ground_diameter":"","crown":"","remarks":"","company":"\u682a","tree_num":"13","price":null}]

生成Excel时间：2019-03-20 13:21:08  Excel路径："..\/upload\/xlsx\/excel1553059268.xlsx"

生成Word时间：2019-03-20 13:21:08  Word路径："..\/word\/test\/world1553059268.docx"

生成zip包时间：2019-03-20 13:21:08  zip路径："..\/upload\/zip\/1553059268.zip"

发生时间：2019-03-20 13:21:08  备注：{"status":1,"msg":"\u4e0b\u8f7d\u5408\u540c\u6210\u529f"}
====================+++++++++++++++++++结束+++++++++++++++++++================



时间：2019-03-20 13:21:10   IP：129.204.161.135 Userid:
====================+++++++++++++++++++开始+++++++++++++++++++================


其它输出：

生成合同时间：2019-03-20 13:21:10  所有树ID："2160"

发生时间：2019-03-20 13:21:10  供应商在该项目下投的所有树的信息：[{"tree_seq_num":1,"tree_name":"\u57fa\u91d1\u4f1a\u6cb9\u677e","plant_height":"2-2.5","dbh":"","ground_diameter":"","crown":"","remarks":"","company":"\u682a","tree_num":"13","price":null}]

生成Excel时间：2019-03-20 13:21:10  Excel路径："..\/upload\/xlsx\/excel1553059270.xlsx"

生成Word时间：2019-03-20 13:21:10  Word路径："..\/word\/test\/world1553059270.docx"

生成zip包时间：2019-03-20 13:21:10  zip路径："..\/upload\/zip\/1553059270.zip"

发生时间：2019-03-20 13:21:10  备注：{"status":1,"msg":"\u4e0b\u8f7d\u5408\u540c\u6210\u529f"}
====================+++++++++++++++++++结束+++++++++++++++++++================


