
时间：2019-03-20 13:41:41   IP：118.207.63.189 Userid:98890
====================+++++++++++++++++++开始+++++++++++++++++++================


其它输出：

写入时间：2019-03-20 13:41:41:  {"tree_name":"\u7d2b\u53f6\u674e","dbh":"8","crown":"1.5","plant_height":"3","id":"4512","tree_attribute":"","high_branch_point":"0.7"}

写入时间：2019-03-20 13:41:41:  {"status":0,"msg":"\u4e8c\u6b21\u7ed1\u5b9a\u6210\u529f"}
====================+++++++++++++++++++结束+++++++++++++++++++================



时间：2019-03-20 13:42:45   IP：118.207.63.189 Userid:98890
====================+++++++++++++++++++开始+++++++++++++++++++================


其它输出：

写入时间：2019-03-20 13:42:45:  {"tree_name":"\u7d2b\u53f6\u674e","dbh":"8","crown":"1.5","plant_height":"3","id":"4513","tree_attribute":"","high_branch_point":"0.7"}

写入时间：2019-03-20 13:42:45:  {"status":0,"msg":"\u4e8c\u6b21\u7ed1\u5b9a\u6210\u529f"}
====================+++++++++++++++++++结束+++++++++++++++++++================



时间：2019-03-20 13:43:22   IP：118.207.63.189 Userid:98890
====================+++++++++++++++++++开始+++++++++++++++++++================


其它输出：

写入时间：2019-03-20 13:43:22:  {"tree_name":"\u7d2b\u53f6\u674e","dbh":"8","crown":"1.5","plant_height":"3","id":"4514","tree_attribute":"","high_branch_point":"0.7"}

写入时间：2019-03-20 13:43:22:  {"status":0,"msg":"\u4e8c\u6b21\u7ed1\u5b9a\u6210\u529f"}
====================+++++++++++++++++++结束+++++++++++++++++++================



时间：2019-03-20 13:44:15   IP：118.207.63.189 Userid:98890
====================+++++++++++++++++++开始+++++++++++++++++++================


其它输出：

写入时间：2019-03-20 13:44:15:  {"tree_name":"\u7d2b\u53f6\u674e","dbh":"8","crown":"1.5","plant_height":"3","id":"4515","tree_attribute":"","high_branch_point":"0.7"}

写入时间：2019-03-20 13:44:15:  {"status":0,"msg":"\u4e8c\u6b21\u7ed1\u5b9a\u6210\u529f"}
====================+++++++++++++++++++结束+++++++++++++++++++================



时间：2019-03-20 13:44:47   IP：118.207.63.189 Userid:98890
====================+++++++++++++++++++开始+++++++++++++++++++================


其它输出：

写入时间：2019-03-20 13:44:47:  {"tree_name":"\u7d2b\u53f6\u674e","dbh":"8","crown":"1.5","plant_height":"3","id":"4516","tree_attribute":"","high_branch_point":"0.7"}

写入时间：2019-03-20 13:44:47:  {"status":0,"msg":"\u4e8c\u6b21\u7ed1\u5b9a\u6210\u529f"}
====================+++++++++++++++++++结束+++++++++++++++++++================



时间：2019-03-20 13:45:21   IP：118.207.63.189 Userid:98890
====================+++++++++++++++++++开始+++++++++++++++++++================


其它输出：

写入时间：2019-03-20 13:45:21:  {"tree_name":"\u7d2b\u53f6\u674e","dbh":"8","crown":"1.5","plant_height":"3","id":"4517","tree_attribute":"","high_branch_point":" 0.7"}

写入时间：2019-03-20 13:45:21:  {"status":0,"msg":"\u4e8c\u6b21\u7ed1\u5b9a\u6210\u529f"}
====================+++++++++++++++++++结束+++++++++++++++++++================



时间：2019-03-20 13:46:26   IP：118.207.63.189 Userid:98890
====================+++++++++++++++++++开始+++++++++++++++++++================


其它输出：

写入时间：2019-03-20 13:46:26:  {"tree_name":"\u7d2b\u53f6\u674e","dbh":"8","crown":"1.5","plant_height":"3","id":"4518","tree_attribute":"","high_branch_point":"0.7"}

写入时间：2019-03-20 13:46:26:  {"status":0,"msg":"\u4e8c\u6b21\u7ed1\u5b9a\u6210\u529f"}
====================+++++++++++++++++++结束+++++++++++++++++++================



时间：2019-03-20 13:46:53   IP：118.207.63.189 Userid:98890
====================+++++++++++++++++++开始+++++++++++++++++++================


其它输出：

写入时间：2019-03-20 13:46:53:  {"tree_name":"\u7d2b\u53f6\u674e","dbh":"8","crown":"1.5","plant_height":"3","id":"4519","tree_attribute":"","high_branch_point":"0.7"}

写入时间：2019-03-20 13:46:53:  {"status":0,"msg":"\u4e8c\u6b21\u7ed1\u5b9a\u6210\u529f"}
====================+++++++++++++++++++结束+++++++++++++++++++================



时间：2019-03-20 13:47:16   IP：118.207.63.189 Userid:98890
====================+++++++++++++++++++开始+++++++++++++++++++================


其它输出：

写入时间：2019-03-20 13:47:16:  {"tree_name":"\u7d2b\u53f6\u674e","dbh":"8","crown":"1.5","plant_height":"3","id":"4520","tree_attribute":"","high_branch_point":"0.7"}

写入时间：2019-03-20 13:47:16:  {"status":0,"msg":"\u4e8c\u6b21\u7ed1\u5b9a\u6210\u529f"}
====================+++++++++++++++++++结束+++++++++++++++++++================



时间：2019-03-20 13:47:44   IP：118.207.63.189 Userid:98890
====================+++++++++++++++++++开始+++++++++++++++++++================


其它输出：

写入时间：2019-03-20 13:47:44:  {"tree_name":"\u7d2b\u53f6\u674e","dbh":"8","crown":"1.5","plant_height":"3","id":"4521","tree_attribute":"","high_branch_point":"0.7"}

写入时间：2019-03-20 13:47:44:  {"status":0,"msg":"\u4e8c\u6b21\u7ed1\u5b9a\u6210\u529f"}
====================+++++++++++++++++++结束+++++++++++++++++++================



时间：2019-03-20 13:48:22   IP：118.207.63.189 Userid:98890
====================+++++++++++++++++++开始+++++++++++++++++++================


其它输出：

写入时间：2019-03-20 13:48:22:  {"tree_name":"\u7d2b\u53f6\u674e","dbh":"8","crown":"1.5","plant_height":"3","id":"4532","tree_attribute":"","high_branch_point":"0.7"}

写入时间：2019-03-20 13:48:22:  {"status":0,"msg":"\u4e8c\u6b21\u7ed1\u5b9a\u6210\u529f"}
====================+++++++++++++++++++结束+++++++++++++++++++================



时间：2019-03-20 13:48:43   IP：118.207.63.189 Userid:98890
====================+++++++++++++++++++开始+++++++++++++++++++================


其它输出：

写入时间：2019-03-20 13:48:43:  {"tree_name":"\u7d2b\u53f6\u674e","dbh":"8","crown":"1.5","plant_height":"3","id":"4533","tree_attribute":"","high_branch_point":"0.7"}

写入时间：2019-03-20 13:48:43:  {"status":0,"msg":"\u4e8c\u6b21\u7ed1\u5b9a\u6210\u529f"}
====================+++++++++++++++++++结束+++++++++++++++++++================



时间：2019-03-20 13:49:05   IP：118.207.63.189 Userid:98890
====================+++++++++++++++++++开始+++++++++++++++++++================


其它输出：

写入时间：2019-03-20 13:49:05:  {"tree_name":"\u7d2b\u53f6\u674e","dbh":"8","crown":"1.5","plant_height":"3","id":"4534","tree_attribute":"","high_branch_point":"0.7"}

写入时间：2019-03-20 13:49:05:  {"status":0,"msg":"\u4e8c\u6b21\u7ed1\u5b9a\u6210\u529f"}
====================+++++++++++++++++++结束+++++++++++++++++++================



时间：2019-03-20 13:49:39   IP：118.207.63.189 Userid:98890
====================+++++++++++++++++++开始+++++++++++++++++++================


其它输出：

写入时间：2019-03-20 13:49:39:  {"tree_name":"\u7d2b\u53f6\u674e","dbh":"8","crown":"1.5","plant_height":"3","id":"4535","tree_attribute":"","high_branch_point":"0.7"}

写入时间：2019-03-20 13:49:39:  {"status":0,"msg":"\u4e8c\u6b21\u7ed1\u5b9a\u6210\u529f"}
====================+++++++++++++++++++结束+++++++++++++++++++================



时间：2019-03-20 13:50:38   IP：118.207.63.189 Userid:98890
====================+++++++++++++++++++开始+++++++++++++++++++================


其它输出：

写入时间：2019-03-20 13:50:38:  {"tree_name":"\u7d2b\u53f6\u674e","dbh":"8","crown":"1.5","plant_height":"3","id":"4536","tree_attribute":"","high_branch_point":"0.7"}

写入时间：2019-03-20 13:50:38:  {"status":0,"msg":"\u4e8c\u6b21\u7ed1\u5b9a\u6210\u529f"}
====================+++++++++++++++++++结束+++++++++++++++++++================



时间：2019-03-20 13:51:02   IP：118.207.63.189 Userid:98890
====================+++++++++++++++++++开始+++++++++++++++++++================


其它输出：

写入时间：2019-03-20 13:51:02:  {"tree_name":"\u7d2b\u53f6\u674e","dbh":"8","crown":"1.5","plant_height":"3","id":"4537","tree_attribute":"","high_branch_point":"0.7"}

写入时间：2019-03-20 13:51:02:  {"status":0,"msg":"\u4e8c\u6b21\u7ed1\u5b9a\u6210\u529f"}
====================+++++++++++++++++++结束+++++++++++++++++++================



时间：2019-03-20 13:51:39   IP：118.207.63.189 Userid:98890
====================+++++++++++++++++++开始+++++++++++++++++++================


其它输出：

写入时间：2019-03-20 13:51:39:  {"tree_name":"\u7d2b\u53f6\u674e","dbh":"8","crown":"1.5","plant_height":"3","id":"4538","tree_attribute":"","high_branch_point":"0.7"}

写入时间：2019-03-20 13:51:39:  {"status":0,"msg":"\u4e8c\u6b21\u7ed1\u5b9a\u6210\u529f"}
====================+++++++++++++++++++结束+++++++++++++++++++================



时间：2019-03-20 13:52:05   IP：118.207.63.189 Userid:98890
====================+++++++++++++++++++开始+++++++++++++++++++================


其它输出：

写入时间：2019-03-20 13:52:05:  {"tree_name":"\u7d2b\u53f6\u674e","dbh":"8","crown":"1.5","plant_height":"3","id":"4539","tree_attribute":"","high_branch_point":"0.7"}

写入时间：2019-03-20 13:52:05:  {"status":0,"msg":"\u4e8c\u6b21\u7ed1\u5b9a\u6210\u529f"}
====================+++++++++++++++++++结束+++++++++++++++++++================



时间：2019-03-20 13:52:28   IP：118.207.63.189 Userid:98890
====================+++++++++++++++++++开始+++++++++++++++++++================


其它输出：

写入时间：2019-03-20 13:52:28:  {"tree_name":"\u7d2b\u53f6\u674e","dbh":"8","crown":"1.5","plant_height":"3","id":"4540","tree_attribute":"","high_branch_point":"0.7"}

写入时间：2019-03-20 13:52:28:  {"status":0,"msg":"\u4e8c\u6b21\u7ed1\u5b9a\u6210\u529f"}
====================+++++++++++++++++++结束+++++++++++++++++++================



时间：2019-03-20 13:57:16   IP：118.207.63.189 Userid:98890
====================+++++++++++++++++++开始+++++++++++++++++++================


其它输出：

写入时间：2019-03-20 13:57:16:  {"tree_name":"\u7d2b\u53f6\u674e","dbh":"8","crown":"1.5","plant_height":"3","id":"4541","tree_attribute":"","high_branch_point":"0.7"}

写入时间：2019-03-20 13:57:16:  {"status":0,"msg":"\u4e8c\u6b21\u7ed1\u5b9a\u6210\u529f"}
====================+++++++++++++++++++结束+++++++++++++++++++================



时间：2019-03-20 13:57:47   IP：118.207.63.189 Userid:98890
====================+++++++++++++++++++开始+++++++++++++++++++================


其它输出：

写入时间：2019-03-20 13:57:47:  {"tree_name":"\u7d2b\u53f6\u674e","dbh":"8","crown":"1.5","plant_height":"3","id":"4522","tree_attribute":"","high_branch_point":"0.7"}

写入时间：2019-03-20 13:57:47:  {"status":0,"msg":"\u4e8c\u6b21\u7ed1\u5b9a\u6210\u529f"}
====================+++++++++++++++++++结束+++++++++++++++++++================



时间：2019-03-20 13:58:11   IP：118.207.63.189 Userid:98890
====================+++++++++++++++++++开始+++++++++++++++++++================


其它输出：

写入时间：2019-03-20 13:58:11:  {"tree_name":"\u7d2b\u53f6\u674e","dbh":"8","crown":"1.5","plant_height":"3","id":"4523","tree_attribute":"","high_branch_point":"0.7"}

写入时间：2019-03-20 13:58:11:  {"status":0,"msg":"\u4e8c\u6b21\u7ed1\u5b9a\u6210\u529f"}
====================+++++++++++++++++++结束+++++++++++++++++++================



时间：2019-03-20 13:58:39   IP：118.207.63.189 Userid:98890
====================+++++++++++++++++++开始+++++++++++++++++++================


其它输出：

写入时间：2019-03-20 13:58:39:  {"tree_name":"\u7d2b\u53f6\u674e","dbh":"8","crown":"1.5","plant_height":"3","id":"4524","tree_attribute":"","high_branch_point":"0.7"}

写入时间：2019-03-20 13:58:39:  {"status":0,"msg":"\u4e8c\u6b21\u7ed1\u5b9a\u6210\u529f"}
====================+++++++++++++++++++结束+++++++++++++++++++================



时间：2019-03-20 13:59:03   IP：118.207.63.189 Userid:98890
====================+++++++++++++++++++开始+++++++++++++++++++================


其它输出：

写入时间：2019-03-20 13:59:03:  {"tree_name":"\u7d2b\u53f6\u674e","dbh":"8","crown":"1.5","plant_height":"3","id":"4525","tree_attribute":"","high_branch_point":"0.7"}

写入时间：2019-03-20 13:59:03:  {"status":0,"msg":"\u4e8c\u6b21\u7ed1\u5b9a\u6210\u529f"}
====================+++++++++++++++++++结束+++++++++++++++++++================



时间：2019-03-20 13:59:26   IP：118.207.63.189 Userid:98890
====================+++++++++++++++++++开始+++++++++++++++++++================


其它输出：

写入时间：2019-03-20 13:59:26:  {"tree_name":"\u7d2b\u53f6\u674e","dbh":"8","crown":"1.5","plant_height":"3","id":"4526","tree_attribute":"","high_branch_point":"0.7"}

写入时间：2019-03-20 13:59:26:  {"status":0,"msg":"\u4e8c\u6b21\u7ed1\u5b9a\u6210\u529f"}
====================+++++++++++++++++++结束+++++++++++++++++++================



时间：2019-03-20 13:59:47   IP：118.207.63.189 Userid:98890
====================+++++++++++++++++++开始+++++++++++++++++++================


其它输出：

写入时间：2019-03-20 13:59:47:  {"tree_name":"\u7d2b\u53f6\u674e","dbh":"8","crown":"1.5","plant_height":"3","id":"4527","tree_attribute":"","high_branch_point":"0.7"}

写入时间：2019-03-20 13:59:47:  {"status":0,"msg":"\u4e8c\u6b21\u7ed1\u5b9a\u6210\u529f"}
====================+++++++++++++++++++结束+++++++++++++++++++================



时间：2019-03-20 14:00:08   IP：118.207.63.189 Userid:98890
====================+++++++++++++++++++开始+++++++++++++++++++================


其它输出：

写入时间：2019-03-20 14:00:08:  {"tree_name":"\u7d2b\u53f6\u674e","dbh":"8","crown":"1.5","plant_height":"3","id":"4528","tree_attribute":"","high_branch_point":"0.7"}

写入时间：2019-03-20 14:00:08:  {"status":0,"msg":"\u4e8c\u6b21\u7ed1\u5b9a\u6210\u529f"}
====================+++++++++++++++++++结束+++++++++++++++++++================



时间：2019-03-20 14:00:36   IP：118.207.63.189 Userid:98890
====================+++++++++++++++++++开始+++++++++++++++++++================


其它输出：

写入时间：2019-03-20 14:00:36:  {"tree_name":"\u7d2b\u53f6\u674e","dbh":"8","crown":"1.5","plant_height":"3","id":"4530","tree_attribute":"","high_branch_point":"0.7"}

写入时间：2019-03-20 14:00:36:  {"status":0,"msg":"\u4e8c\u6b21\u7ed1\u5b9a\u6210\u529f"}
====================+++++++++++++++++++结束+++++++++++++++++++================



时间：2019-03-20 14:01:03   IP：118.207.63.189 Userid:98890
====================+++++++++++++++++++开始+++++++++++++++++++================


其它输出：

写入时间：2019-03-20 14:01:03:  {"tree_name":"\u7d2b\u53f6\u674e","dbh":"8","crown":"1.5","plant_height":"3","id":"4531","tree_attribute":"","high_branch_point":"0.7"}

写入时间：2019-03-20 14:01:03:  {"status":0,"msg":"\u4e8c\u6b21\u7ed1\u5b9a\u6210\u529f"}
====================+++++++++++++++++++结束+++++++++++++++++++================



时间：2019-03-20 14:05:56   IP：118.207.63.189 Userid:98890
====================+++++++++++++++++++开始+++++++++++++++++++================


其它输出：

写入时间：2019-03-20 14:05:56:  {"tree_name":"\u7d2b\u53f6\u674e","dbh":"8","crown":"1.5","plant_height":"3","id":"4529","tree_attribute":"","high_branch_point":"0.7"}

写入时间：2019-03-20 14:05:56:  {"status":0,"msg":"\u4e8c\u6b21\u7ed1\u5b9a\u6210\u529f"}
====================+++++++++++++++++++结束+++++++++++++++++++================


