[ 2018-12-05T17:11:29+08:00 ] 172.17.14.203 14.131.92.33 GET /admin/thinkphp/index.php
[ log ] test.cnzhaoshu.com/admin/thinkphp/index.php [运行时间：0.106195s][吞吐率：9.42req/s] [内存消耗：361.42kb] [文件加载：32]
[ error ] [8]Use of undefined constant App - assumed 'App'[/alidata/www/test/zhaoshu/admin/thinkphp/thinkphp/start.php:18]
[ info ] [ LOG ] INIT File

---------------------------------------------------------------
[ 2018-12-05T17:12:14+08:00 ] 172.17.14.203 14.131.92.33 GET /admin/thinkphp/index.php
[ log ] test.cnzhaoshu.com/admin/thinkphp/index.php [运行时间：0.002840s][吞吐率：352.11req/s] [内存消耗：347.84kb] [文件加载：32]
[ error ] [8]Use of undefined constant App - assumed 'App'[/alidata/www/test/zhaoshu/admin/thinkphp/thinkphp/start.php:18]
[ info ] [ LOG ] INIT File

---------------------------------------------------------------
[ 2018-12-05T17:12:15+08:00 ] 172.17.14.203 14.131.92.33 GET /admin/thinkphp/index.php
[ log ] test.cnzhaoshu.com/admin/thinkphp/index.php [运行时间：0.002814s][吞吐率：355.36req/s] [内存消耗：347.91kb] [文件加载：32]
[ error ] [8]Use of undefined constant App - assumed 'App'[/alidata/www/test/zhaoshu/admin/thinkphp/thinkphp/start.php:18]
[ info ] [ LOG ] INIT File

---------------------------------------------------------------
[ 2018-12-05T17:12:15+08:00 ] 172.17.14.203 14.131.92.33 GET /admin/thinkphp/index.php
[ log ] test.cnzhaoshu.com/admin/thinkphp/index.php [运行时间：0.002558s][吞吐率：390.93req/s] [内存消耗：347.91kb] [文件加载：32]
[ error ] [8]Use of undefined constant App - assumed 'App'[/alidata/www/test/zhaoshu/admin/thinkphp/thinkphp/start.php:18]
[ info ] [ LOG ] INIT File

---------------------------------------------------------------
[ 2018-12-05T17:12:16+08:00 ] 172.17.14.203 14.131.92.33 GET /admin/thinkphp/index.php
[ log ] test.cnzhaoshu.com/admin/thinkphp/index.php [运行时间：0.002653s][吞吐率：376.91req/s] [内存消耗：347.91kb] [文件加载：32]
[ error ] [8]Use of undefined constant App - assumed 'App'[/alidata/www/test/zhaoshu/admin/thinkphp/thinkphp/start.php:18]
[ info ] [ LOG ] INIT File

---------------------------------------------------------------
[ 2018-12-05T17:12:39+08:00 ] 172.17.14.203 14.131.92.33 GET /admin/thinkphp/index.php
[ log ] test.cnzhaoshu.com/admin/thinkphp/index.php [运行时间：0.116638s][吞吐率：8.57req/s] [内存消耗：474.18kb] [文件加载：44]
[ info ] [ LANG ] /alidata/www/test/zhaoshu/admin/thinkphp/thinkphp/lang/zh-cn.php
[ info ] [ ROUTE ] array (
  'type' => 'module',
  'module' => 
  array (
    0 => '',
    1 => NULL,
    2 => NULL,
  ),
)
[ info ] [ HEADER ] array (
  'host' => 'test.cnzhaoshu.com',
  'connection' => 'keep-alive',
  'cache-control' => 'max-age=0',
  'upgrade-insecure-requests' => '1',
  'user-agent' => 'Mozilla/5.0 (Windows NT 10.0; WOW64) AppleWebKit/537.36 (KHTML, like Gecko) Chrome/71.0.3578.10 Safari/537.36',
  'accept' => 'text/html,application/xhtml+xml,application/xml;q=0.9,image/webp,image/apng,*/*;q=0.8',
  'accept-encoding' => 'gzip, deflate',
  'accept-language' => 'zh-CN,zh;q=0.9',
  'cookie' => 'user2=%7B%22userid%22%3A1%2C%22shopid%22%3A1%2C%22name%22%3A%22%5Cu5317%5Cu4eac%5Cu627e%5Cu6811%5Cu7f51%5Cu79d1%5Cu6280%5Cu80a1%5Cu4efd%5Cu6709%5Cu9650%5Cu516c%5Cu53f8%22%2C%22shopname%22%3A%22%5Cu5317%5Cu4eac%5Cu627e%5Cu6811%5Cu7f51%5Cu79d1%5Cu6280%5Cu80a1%5Cu4efd%5Cu6709%5Cu9650%5Cu516c%5Cu53f8%22%2C%22phone%22%3A%2215301012818%22%2C%22role%22%3A9%2C%22state%22%3A0%2C%22istrader%22%3A1%2C%22isrenzheng%22%3A1%2C%22dianmi%22%3A2092%2C%22subscribe%22%3A1%2C%22nickname%22%3A%22%5Cu4e09%5Cu4eba%22%2C%22sex%22%3A1%2C%22city%22%3A%22%5Cu897f%5Cu57ce%22%2C%22province%22%3A%22%5Cu5317%5Cu4eac%22%2C%22version%22%3A7%2C%22invoice%22%3A1%2C%22headimg%22%3A1%7D; token=admin',
  'content-type' => '',
  'content-length' => '',
)
[ info ] [ PARAM ] array (
)
[ info ] [ RUN ] app\index\controller\Index->index[ /alidata/www/test/zhaoshu/admin/thinkphp/application/index/controller/Index.php ]
[ info ] [ LOG ] INIT File

---------------------------------------------------------------
[ 2018-12-05T17:13:17+08:00 ] 172.17.14.203 14.131.92.33 GET /admin/thinkphp/index.php
[ log ] test.cnzhaoshu.com/admin/thinkphp/index.php [运行时间：0.005087s][吞吐率：196.57req/s] [内存消耗：467.94kb] [文件加载：44]
[ info ] [ LANG ] /alidata/www/test/zhaoshu/admin/thinkphp/thinkphp/lang/zh-cn.php
[ info ] [ ROUTE ] array (
  'type' => 'module',
  'module' => 
  array (
    0 => '',
    1 => NULL,
    2 => NULL,
  ),
)
[ info ] [ HEADER ] array (
  'host' => 'test.cnzhaoshu.com',
  'connection' => 'keep-alive',
  'cache-control' => 'max-age=0',
  'upgrade-insecure-requests' => '1',
  'user-agent' => 'Mozilla/5.0 (Windows NT 10.0; WOW64) AppleWebKit/537.36 (KHTML, like Gecko) Chrome/71.0.3578.10 Safari/537.36',
  'accept' => 'text/html,application/xhtml+xml,application/xml;q=0.9,image/webp,image/apng,*/*;q=0.8',
  'accept-encoding' => 'gzip, deflate',
  'accept-language' => 'zh-CN,zh;q=0.9',
  'cookie' => 'user2=%7B%22userid%22%3A1%2C%22shopid%22%3A1%2C%22name%22%3A%22%5Cu5317%5Cu4eac%5Cu627e%5Cu6811%5Cu7f51%5Cu79d1%5Cu6280%5Cu80a1%5Cu4efd%5Cu6709%5Cu9650%5Cu516c%5Cu53f8%22%2C%22shopname%22%3A%22%5Cu5317%5Cu4eac%5Cu627e%5Cu6811%5Cu7f51%5Cu79d1%5Cu6280%5Cu80a1%5Cu4efd%5Cu6709%5Cu9650%5Cu516c%5Cu53f8%22%2C%22phone%22%3A%2215301012818%22%2C%22role%22%3A9%2C%22state%22%3A0%2C%22istrader%22%3A1%2C%22isrenzheng%22%3A1%2C%22dianmi%22%3A2092%2C%22subscribe%22%3A1%2C%22nickname%22%3A%22%5Cu4e09%5Cu4eba%22%2C%22sex%22%3A1%2C%22city%22%3A%22%5Cu897f%5Cu57ce%22%2C%22province%22%3A%22%5Cu5317%5Cu4eac%22%2C%22version%22%3A7%2C%22invoice%22%3A1%2C%22headimg%22%3A1%7D; token=admin; pgv_pvi=9867718656; pgv_si=s1587630080',
  'content-type' => '',
  'content-length' => '',
)
[ info ] [ PARAM ] array (
)
[ info ] [ RUN ] app\index\controller\Index->index[ /alidata/www/test/zhaoshu/admin/thinkphp/application/index/controller/Index.php ]
[ info ] [ LOG ] INIT File

---------------------------------------------------------------
[ 2018-12-05T17:16:44+08:00 ] 172.17.14.203 14.131.92.33 GET /admin/thinkphp/
[ log ] test.cnzhaoshu.com/admin/thinkphp/ [运行时间：0.003081s][吞吐率：324.56req/s] [内存消耗：465.73kb] [文件加载：44]
[ info ] [ LANG ] /alidata/www/test/zhaoshu/admin/thinkphp/thinkphp/lang/zh-cn.php
[ info ] [ ROUTE ] array (
  'type' => 'module',
  'module' => 
  array (
    0 => '',
    1 => NULL,
    2 => NULL,
  ),
)
[ info ] [ HEADER ] array (
  'host' => 'test.cnzhaoshu.com',
  'connection' => 'keep-alive',
  'upgrade-insecure-requests' => '1',
  'user-agent' => 'Mozilla/5.0 (Windows NT 10.0; WOW64) AppleWebKit/537.36 (KHTML, like Gecko) Chrome/71.0.3578.10 Safari/537.36',
  'accept' => 'text/html,application/xhtml+xml,application/xml;q=0.9,image/webp,image/apng,*/*;q=0.8',
  'accept-encoding' => 'gzip, deflate',
  'accept-language' => 'zh-CN,zh;q=0.9',
  'cookie' => 'user2=%7B%22userid%22%3A1%2C%22shopid%22%3A1%2C%22name%22%3A%22%5Cu5317%5Cu4eac%5Cu627e%5Cu6811%5Cu7f51%5Cu79d1%5Cu6280%5Cu80a1%5Cu4efd%5Cu6709%5Cu9650%5Cu516c%5Cu53f8%22%2C%22shopname%22%3A%22%5Cu5317%5Cu4eac%5Cu627e%5Cu6811%5Cu7f51%5Cu79d1%5Cu6280%5Cu80a1%5Cu4efd%5Cu6709%5Cu9650%5Cu516c%5Cu53f8%22%2C%22phone%22%3A%2215301012818%22%2C%22role%22%3A9%2C%22state%22%3A0%2C%22istrader%22%3A1%2C%22isrenzheng%22%3A1%2C%22dianmi%22%3A2092%2C%22subscribe%22%3A1%2C%22nickname%22%3A%22%5Cu4e09%5Cu4eba%22%2C%22sex%22%3A1%2C%22city%22%3A%22%5Cu897f%5Cu57ce%22%2C%22province%22%3A%22%5Cu5317%5Cu4eac%22%2C%22version%22%3A7%2C%22invoice%22%3A1%2C%22headimg%22%3A1%7D; token=admin; pgv_pvi=9867718656; pgv_si=s1587630080',
  'content-type' => '',
  'content-length' => '',
)
[ info ] [ PARAM ] array (
)
[ info ] [ RUN ] app\index\controller\Index->index[ /alidata/www/test/zhaoshu/admin/thinkphp/application/index/controller/Index.php ]
[ info ] [ LOG ] INIT File

---------------------------------------------------------------
[ 2018-12-05T17:19:46+08:00 ] 172.17.14.203 14.131.92.33 GET /admin/thinkphp/
[ log ] test.cnzhaoshu.com/admin/thinkphp/ [运行时间：0.003819s][吞吐率：261.85req/s] [内存消耗：467.41kb] [文件加载：44]
[ info ] [ LANG ] /alidata/www/test/zhaoshu/admin/thinkphp/thinkphp/lang/zh-cn.php
[ info ] [ ROUTE ] array (
  'type' => 'module',
  'module' => 
  array (
    0 => '',
    1 => NULL,
    2 => NULL,
  ),
)
[ info ] [ HEADER ] array (
  'host' => 'test.cnzhaoshu.com',
  'connection' => 'keep-alive',
  'upgrade-insecure-requests' => '1',
  'user-agent' => 'Mozilla/5.0 (Windows NT 10.0; WOW64) AppleWebKit/537.36 (KHTML, like Gecko) Chrome/71.0.3578.10 Safari/537.36',
  'accept' => 'text/html,application/xhtml+xml,application/xml;q=0.9,image/webp,image/apng,*/*;q=0.8',
  'accept-encoding' => 'gzip, deflate',
  'accept-language' => 'zh-CN,zh;q=0.9',
  'cookie' => 'user2=%7B%22userid%22%3A1%2C%22shopid%22%3A1%2C%22name%22%3A%22%5Cu5317%5Cu4eac%5Cu627e%5Cu6811%5Cu7f51%5Cu79d1%5Cu6280%5Cu80a1%5Cu4efd%5Cu6709%5Cu9650%5Cu516c%5Cu53f8%22%2C%22shopname%22%3A%22%5Cu5317%5Cu4eac%5Cu627e%5Cu6811%5Cu7f51%5Cu79d1%5Cu6280%5Cu80a1%5Cu4efd%5Cu6709%5Cu9650%5Cu516c%5Cu53f8%22%2C%22phone%22%3A%2215301012818%22%2C%22role%22%3A9%2C%22state%22%3A0%2C%22istrader%22%3A1%2C%22isrenzheng%22%3A1%2C%22dianmi%22%3A2092%2C%22subscribe%22%3A1%2C%22nickname%22%3A%22%5Cu4e09%5Cu4eba%22%2C%22sex%22%3A1%2C%22city%22%3A%22%5Cu897f%5Cu57ce%22%2C%22province%22%3A%22%5Cu5317%5Cu4eac%22%2C%22version%22%3A7%2C%22invoice%22%3A1%2C%22headimg%22%3A1%7D; token=admin; pgv_pvi=9867718656; pgv_si=s1587630080',
  'content-type' => '',
  'content-length' => '',
)
[ info ] [ PARAM ] array (
)
[ info ] [ RUN ] app\index\controller\Index->index[ /alidata/www/test/zhaoshu/admin/thinkphp/application/index/controller/Index.php ]
[ info ] [ LOG ] INIT File

---------------------------------------------------------------
[ 2018-12-05T17:20:15+08:00 ] 172.17.14.203 14.131.92.33 GET /admin/thinkphp/
[ log ] test.cnzhaoshu.com/admin/thinkphp/ [运行时间：0.003893s][吞吐率：256.88req/s] [内存消耗：470.20kb] [文件加载：44]
[ info ] [ LANG ] /alidata/www/test/zhaoshu/admin/thinkphp/thinkphp/lang/zh-cn.php
[ info ] [ ROUTE ] array (
  'type' => 'module',
  'module' => 
  array (
    0 => '',
    1 => NULL,
    2 => NULL,
  ),
)
[ info ] [ HEADER ] array (
  'host' => 'test.cnzhaoshu.com',
  'connection' => 'keep-alive',
  'cache-control' => 'max-age=0',
  'upgrade-insecure-requests' => '1',
  'user-agent' => 'Mozilla/5.0 (Windows NT 10.0; WOW64) AppleWebKit/537.36 (KHTML, like Gecko) Chrome/71.0.3578.10 Safari/537.36',
  'accept' => 'text/html,application/xhtml+xml,application/xml;q=0.9,image/webp,image/apng,*/*;q=0.8',
  'accept-encoding' => 'gzip, deflate',
  'accept-language' => 'zh-CN,zh;q=0.9',
  'cookie' => 'user2=%7B%22userid%22%3A1%2C%22shopid%22%3A1%2C%22name%22%3A%22%5Cu5317%5Cu4eac%5Cu627e%5Cu6811%5Cu7f51%5Cu79d1%5Cu6280%5Cu80a1%5Cu4efd%5Cu6709%5Cu9650%5Cu516c%5Cu53f8%22%2C%22shopname%22%3A%22%5Cu5317%5Cu4eac%5Cu627e%5Cu6811%5Cu7f51%5Cu79d1%5Cu6280%5Cu80a1%5Cu4efd%5Cu6709%5Cu9650%5Cu516c%5Cu53f8%22%2C%22phone%22%3A%2215301012818%22%2C%22role%22%3A9%2C%22state%22%3A0%2C%22istrader%22%3A1%2C%22isrenzheng%22%3A1%2C%22dianmi%22%3A2092%2C%22subscribe%22%3A1%2C%22nickname%22%3A%22%5Cu4e09%5Cu4eba%22%2C%22sex%22%3A1%2C%22city%22%3A%22%5Cu897f%5Cu57ce%22%2C%22province%22%3A%22%5Cu5317%5Cu4eac%22%2C%22version%22%3A7%2C%22invoice%22%3A1%2C%22headimg%22%3A1%7D; token=admin; pgv_pvi=9867718656; pgv_si=s1587630080',
  'content-type' => '',
  'content-length' => '',
)
[ info ] [ PARAM ] array (
)
[ info ] [ RUN ] app\index\controller\Index->index[ /alidata/www/test/zhaoshu/admin/thinkphp/application/index/controller/Index.php ]
[ info ] [ LOG ] INIT File

---------------------------------------------------------------
[ 2018-12-05T17:22:36+08:00 ] 172.17.14.203 14.131.92.33 GET /admin/thinkphp/
[ log ] test.cnzhaoshu.com/admin/thinkphp/ [运行时间：0.003699s][吞吐率：270.34req/s] [内存消耗：469.25kb] [文件加载：44]
[ info ] [ LANG ] /alidata/www/test/zhaoshu/admin/thinkphp/thinkphp/lang/zh-cn.php
[ info ] [ ROUTE ] array (
  'type' => 'module',
  'module' => 
  array (
    0 => '',
    1 => NULL,
    2 => NULL,
  ),
)
[ info ] [ HEADER ] array (
  'host' => 'test.cnzhaoshu.com',
  'connection' => 'keep-alive',
  'cache-control' => 'max-age=0',
  'upgrade-insecure-requests' => '1',
  'user-agent' => 'Mozilla/5.0 (Windows NT 10.0; WOW64) AppleWebKit/537.36 (KHTML, like Gecko) Chrome/71.0.3578.10 Safari/537.36',
  'accept' => 'text/html,application/xhtml+xml,application/xml;q=0.9,image/webp,image/apng,*/*;q=0.8',
  'accept-encoding' => 'gzip, deflate',
  'accept-language' => 'zh-CN,zh;q=0.9',
  'cookie' => 'user2=%7B%22userid%22%3A1%2C%22shopid%22%3A1%2C%22name%22%3A%22%5Cu5317%5Cu4eac%5Cu627e%5Cu6811%5Cu7f51%5Cu79d1%5Cu6280%5Cu80a1%5Cu4efd%5Cu6709%5Cu9650%5Cu516c%5Cu53f8%22%2C%22shopname%22%3A%22%5Cu5317%5Cu4eac%5Cu627e%5Cu6811%5Cu7f51%5Cu79d1%5Cu6280%5Cu80a1%5Cu4efd%5Cu6709%5Cu9650%5Cu516c%5Cu53f8%22%2C%22phone%22%3A%2215301012818%22%2C%22role%22%3A9%2C%22state%22%3A0%2C%22istrader%22%3A1%2C%22isrenzheng%22%3A1%2C%22dianmi%22%3A2092%2C%22subscribe%22%3A1%2C%22nickname%22%3A%22%5Cu4e09%5Cu4eba%22%2C%22sex%22%3A1%2C%22city%22%3A%22%5Cu897f%5Cu57ce%22%2C%22province%22%3A%22%5Cu5317%5Cu4eac%22%2C%22version%22%3A7%2C%22invoice%22%3A1%2C%22headimg%22%3A1%7D; token=admin; pgv_pvi=9867718656; pgv_si=s1587630080',
  'content-type' => '',
  'content-length' => '',
)
[ info ] [ PARAM ] array (
)
[ info ] [ RUN ] app\index\controller\Index->index[ /alidata/www/test/zhaoshu/admin/thinkphp/application/index/controller/Index.php ]
[ info ] [ LOG ] INIT File

---------------------------------------------------------------
[ 2018-12-05T17:22:36+08:00 ] 172.17.14.203 14.131.92.33 GET /admin/thinkphp/
[ log ] test.cnzhaoshu.com/admin/thinkphp/ [运行时间：0.003013s][吞吐率：331.88req/s] [内存消耗：466.19kb] [文件加载：44]
[ info ] [ LANG ] /alidata/www/test/zhaoshu/admin/thinkphp/thinkphp/lang/zh-cn.php
[ info ] [ ROUTE ] array (
  'type' => 'module',
  'module' => 
  array (
    0 => '',
    1 => NULL,
    2 => NULL,
  ),
)
[ info ] [ HEADER ] array (
  'host' => 'test.cnzhaoshu.com',
  'connection' => 'keep-alive',
  'cache-control' => 'max-age=0',
  'upgrade-insecure-requests' => '1',
  'user-agent' => 'Mozilla/5.0 (Windows NT 10.0; WOW64) AppleWebKit/537.36 (KHTML, like Gecko) Chrome/71.0.3578.10 Safari/537.36',
  'accept' => 'text/html,application/xhtml+xml,application/xml;q=0.9,image/webp,image/apng,*/*;q=0.8',
  'accept-encoding' => 'gzip, deflate',
  'accept-language' => 'zh-CN,zh;q=0.9',
  'cookie' => 'user2=%7B%22userid%22%3A1%2C%22shopid%22%3A1%2C%22name%22%3A%22%5Cu5317%5Cu4eac%5Cu627e%5Cu6811%5Cu7f51%5Cu79d1%5Cu6280%5Cu80a1%5Cu4efd%5Cu6709%5Cu9650%5Cu516c%5Cu53f8%22%2C%22shopname%22%3A%22%5Cu5317%5Cu4eac%5Cu627e%5Cu6811%5Cu7f51%5Cu79d1%5Cu6280%5Cu80a1%5Cu4efd%5Cu6709%5Cu9650%5Cu516c%5Cu53f8%22%2C%22phone%22%3A%2215301012818%22%2C%22role%22%3A9%2C%22state%22%3A0%2C%22istrader%22%3A1%2C%22isrenzheng%22%3A1%2C%22dianmi%22%3A2092%2C%22subscribe%22%3A1%2C%22nickname%22%3A%22%5Cu4e09%5Cu4eba%22%2C%22sex%22%3A1%2C%22city%22%3A%22%5Cu897f%5Cu57ce%22%2C%22province%22%3A%22%5Cu5317%5Cu4eac%22%2C%22version%22%3A7%2C%22invoice%22%3A1%2C%22headimg%22%3A1%7D; token=admin; pgv_pvi=9867718656; pgv_si=s1587630080',
  'content-type' => '',
  'content-length' => '',
)
[ info ] [ PARAM ] array (
)
[ info ] [ RUN ] app\index\controller\Index->index[ /alidata/www/test/zhaoshu/admin/thinkphp/application/index/controller/Index.php ]
[ info ] [ LOG ] INIT File

---------------------------------------------------------------
[ 2018-12-05T17:22:37+08:00 ] 172.17.14.203 14.131.92.33 GET /admin/thinkphp/
[ log ] test.cnzhaoshu.com/admin/thinkphp/ [运行时间：0.003087s][吞吐率：323.93req/s] [内存消耗：466.19kb] [文件加载：44]
[ info ] [ LANG ] /alidata/www/test/zhaoshu/admin/thinkphp/thinkphp/lang/zh-cn.php
[ info ] [ ROUTE ] array (
  'type' => 'module',
  'module' => 
  array (
    0 => '',
    1 => NULL,
    2 => NULL,
  ),
)
[ info ] [ HEADER ] array (
  'host' => 'test.cnzhaoshu.com',
  'connection' => 'keep-alive',
  'cache-control' => 'max-age=0',
  'upgrade-insecure-requests' => '1',
  'user-agent' => 'Mozilla/5.0 (Windows NT 10.0; WOW64) AppleWebKit/537.36 (KHTML, like Gecko) Chrome/71.0.3578.10 Safari/537.36',
  'accept' => 'text/html,application/xhtml+xml,application/xml;q=0.9,image/webp,image/apng,*/*;q=0.8',
  'accept-encoding' => 'gzip, deflate',
  'accept-language' => 'zh-CN,zh;q=0.9',
  'cookie' => 'user2=%7B%22userid%22%3A1%2C%22shopid%22%3A1%2C%22name%22%3A%22%5Cu5317%5Cu4eac%5Cu627e%5Cu6811%5Cu7f51%5Cu79d1%5Cu6280%5Cu80a1%5Cu4efd%5Cu6709%5Cu9650%5Cu516c%5Cu53f8%22%2C%22shopname%22%3A%22%5Cu5317%5Cu4eac%5Cu627e%5Cu6811%5Cu7f51%5Cu79d1%5Cu6280%5Cu80a1%5Cu4efd%5Cu6709%5Cu9650%5Cu516c%5Cu53f8%22%2C%22phone%22%3A%2215301012818%22%2C%22role%22%3A9%2C%22state%22%3A0%2C%22istrader%22%3A1%2C%22isrenzheng%22%3A1%2C%22dianmi%22%3A2092%2C%22subscribe%22%3A1%2C%22nickname%22%3A%22%5Cu4e09%5Cu4eba%22%2C%22sex%22%3A1%2C%22city%22%3A%22%5Cu897f%5Cu57ce%22%2C%22province%22%3A%22%5Cu5317%5Cu4eac%22%2C%22version%22%3A7%2C%22invoice%22%3A1%2C%22headimg%22%3A1%7D; token=admin; pgv_pvi=9867718656; pgv_si=s1587630080',
  'content-type' => '',
  'content-length' => '',
)
[ info ] [ PARAM ] array (
)
[ info ] [ RUN ] app\index\controller\Index->index[ /alidata/www/test/zhaoshu/admin/thinkphp/application/index/controller/Index.php ]
[ info ] [ LOG ] INIT File

---------------------------------------------------------------
[ 2018-12-05T17:23:54+08:00 ] 172.17.14.203 14.131.92.33 GET /admin/thinkphp/
[ log ] test.cnzhaoshu.com/admin/thinkphp/ [运行时间：0.003127s][吞吐率：319.81req/s] [内存消耗：466.19kb] [文件加载：44]
[ info ] [ LANG ] /alidata/www/test/zhaoshu/admin/thinkphp/thinkphp/lang/zh-cn.php
[ info ] [ ROUTE ] array (
  'type' => 'module',
  'module' => 
  array (
    0 => '',
    1 => NULL,
    2 => NULL,
  ),
)
[ info ] [ HEADER ] array (
  'host' => 'test.cnzhaoshu.com',
  'connection' => 'keep-alive',
  'cache-control' => 'max-age=0',
  'upgrade-insecure-requests' => '1',
  'user-agent' => 'Mozilla/5.0 (Windows NT 10.0; WOW64) AppleWebKit/537.36 (KHTML, like Gecko) Chrome/71.0.3578.10 Safari/537.36',
  'accept' => 'text/html,application/xhtml+xml,application/xml;q=0.9,image/webp,image/apng,*/*;q=0.8',
  'accept-encoding' => 'gzip, deflate',
  'accept-language' => 'zh-CN,zh;q=0.9',
  'cookie' => 'user2=%7B%22userid%22%3A1%2C%22shopid%22%3A1%2C%22name%22%3A%22%5Cu5317%5Cu4eac%5Cu627e%5Cu6811%5Cu7f51%5Cu79d1%5Cu6280%5Cu80a1%5Cu4efd%5Cu6709%5Cu9650%5Cu516c%5Cu53f8%22%2C%22shopname%22%3A%22%5Cu5317%5Cu4eac%5Cu627e%5Cu6811%5Cu7f51%5Cu79d1%5Cu6280%5Cu80a1%5Cu4efd%5Cu6709%5Cu9650%5Cu516c%5Cu53f8%22%2C%22phone%22%3A%2215301012818%22%2C%22role%22%3A9%2C%22state%22%3A0%2C%22istrader%22%3A1%2C%22isrenzheng%22%3A1%2C%22dianmi%22%3A2092%2C%22subscribe%22%3A1%2C%22nickname%22%3A%22%5Cu4e09%5Cu4eba%22%2C%22sex%22%3A1%2C%22city%22%3A%22%5Cu897f%5Cu57ce%22%2C%22province%22%3A%22%5Cu5317%5Cu4eac%22%2C%22version%22%3A7%2C%22invoice%22%3A1%2C%22headimg%22%3A1%7D; token=admin; pgv_pvi=9867718656; pgv_si=s1587630080',
  'content-type' => '',
  'content-length' => '',
)
[ info ] [ PARAM ] array (
)
[ info ] [ RUN ] app\index\controller\Index->index[ /alidata/www/test/zhaoshu/admin/thinkphp/application/index/controller/Index.php ]
[ info ] [ LOG ] INIT File

---------------------------------------------------------------
