
时间：2019-02-22 11:24:19   IP：14.131.115.166 Userid:103286
====================+++++++++++++++++++开始+++++++++++++++++++================


其它输出：

写入时间：2019-02-22 11:24:19:  {"tree_name":"\u96ea\u677e1\u53f7","dbh":"15","crown":"5","plant_height":"9","id":"4456","tree_attribute":"","high_branch_point":""}

写入时间：2019-02-22 11:24:19:  {"status":0,"msg":"\u4e8c\u6b21\u7ed1\u5b9a\u6210\u529f"}
====================+++++++++++++++++++结束+++++++++++++++++++================



时间：2019-02-22 11:24:45   IP：14.131.115.166 Userid:103286
====================+++++++++++++++++++开始+++++++++++++++++++================


其它输出：

写入时间：2019-02-22 11:24:45:  {"tree_name":"\u96ea\u677e2\u53f7","dbh":"15","crown":"5","plant_height":"9","id":"4455","tree_attribute":"","high_branch_point":""}

写入时间：2019-02-22 11:24:45:  {"status":0,"msg":"\u4e8c\u6b21\u7ed1\u5b9a\u6210\u529f"}
====================+++++++++++++++++++结束+++++++++++++++++++================



时间：2019-02-22 11:25:04   IP：14.131.115.166 Userid:103286
====================+++++++++++++++++++开始+++++++++++++++++++================


其它输出：

写入时间：2019-02-22 11:25:04:  {"tree_name":"\u96ea\u677e3\u53f7","dbh":"15","crown":"5","plant_height":"9","id":"4454","tree_attribute":"","high_branch_point":""}

写入时间：2019-02-22 11:25:04:  {"status":0,"msg":"\u4e8c\u6b21\u7ed1\u5b9a\u6210\u529f"}
====================+++++++++++++++++++结束+++++++++++++++++++================



时间：2019-02-22 11:25:40   IP：14.131.115.166 Userid:103286
====================+++++++++++++++++++开始+++++++++++++++++++================


其它输出：

写入时间：2019-02-22 11:25:40:  {"tree_name":"\u96ea\u677e4\u53f7","dbh":"15","crown":"5","plant_height":"9","id":"4453","tree_attribute":"","high_branch_point":""}

写入时间：2019-02-22 11:25:40:  {"status":0,"msg":"\u4e8c\u6b21\u7ed1\u5b9a\u6210\u529f"}
====================+++++++++++++++++++结束+++++++++++++++++++================



时间：2019-02-22 11:26:05   IP：14.131.115.166 Userid:103286
====================+++++++++++++++++++开始+++++++++++++++++++================


其它输出：

写入时间：2019-02-22 11:26:05:  {"tree_name":"\u96ea\u677e5\u53f7","dbh":"15","crown":"5","plant_height":"9","id":"4452","tree_attribute":"","high_branch_point":""}

写入时间：2019-02-22 11:26:05:  {"status":0,"msg":"\u4e8c\u6b21\u7ed1\u5b9a\u6210\u529f"}
====================+++++++++++++++++++结束+++++++++++++++++++================



时间：2019-02-22 11:26:30   IP：14.131.115.166 Userid:103286
====================+++++++++++++++++++开始+++++++++++++++++++================


其它输出：

写入时间：2019-02-22 11:26:30:  {"tree_name":"\u96ea\u677e6\u53f7","dbh":"15","crown":"5","plant_height":"9","id":"4451","tree_attribute":"","high_branch_point":""}

写入时间：2019-02-22 11:26:30:  {"status":0,"msg":"\u4e8c\u6b21\u7ed1\u5b9a\u6210\u529f"}
====================+++++++++++++++++++结束+++++++++++++++++++================



时间：2019-02-22 11:27:07   IP：14.131.115.166 Userid:103286
====================+++++++++++++++++++开始+++++++++++++++++++================


其它输出：

写入时间：2019-02-22 11:27:07:  {"tree_name":"\u96ea\u677e7\u53f7","dbh":"15","crown":"5","plant_height":"9","id":"4450","tree_attribute":"","high_branch_point":""}

写入时间：2019-02-22 11:27:07:  {"status":0,"msg":"\u4e8c\u6b21\u7ed1\u5b9a\u6210\u529f"}
====================+++++++++++++++++++结束+++++++++++++++++++================



时间：2019-02-22 11:27:31   IP：14.131.115.166 Userid:103286
====================+++++++++++++++++++开始+++++++++++++++++++================


其它输出：

写入时间：2019-02-22 11:27:31:  {"tree_name":"\u96ea\u677e8\u53f7","dbh":"15","crown":"5","plant_height":"9","id":"4449","tree_attribute":"","high_branch_point":""}

写入时间：2019-02-22 11:27:31:  {"status":0,"msg":"\u4e8c\u6b21\u7ed1\u5b9a\u6210\u529f"}
====================+++++++++++++++++++结束+++++++++++++++++++================



时间：2019-02-22 11:28:07   IP：14.131.115.166 Userid:103286
====================+++++++++++++++++++开始+++++++++++++++++++================


其它输出：

写入时间：2019-02-22 11:28:07:  {"tree_name":"\u96ea\u677e9\u53f7","dbh":"15","crown":"5","plant_height":"9","id":"4448","tree_attribute":"","high_branch_point":""}

写入时间：2019-02-22 11:28:07:  {"status":0,"msg":"\u4e8c\u6b21\u7ed1\u5b9a\u6210\u529f"}
====================+++++++++++++++++++结束+++++++++++++++++++================


