
时间：2019-02-21 10:28:45   IP：14.131.115.166 Userid:103286
====================+++++++++++++++++++开始+++++++++++++++++++================


其它输出：

2019-02-21 10:28:45:  {"name":"\u8def\u6d77\u950b","phone":"15911131925","driver_name":"","type":"0","driver_phone":"","plate_number":"","photo":["\/admin\/upload\/maps\/3d3eebe7f8265dd32a228fc263b51ad4.jpg"],"remark":"","id":"4436","state":"1","gps":""}

写入时间：2019-02-21 10:28:45  成功信息：{"recordid":[],"state":1}
====================+++++++++++++++++++结束+++++++++++++++++++================



时间：2019-02-21 17:44:17   IP：14.131.115.166 Userid:103286
====================+++++++++++++++++++开始+++++++++++++++++++================


其它输出：

2019-02-21 17:44:17:  {"name":"\u8def\u6d77\u950b","phone":"15911131925","driver_name":"","type":"0","driver_phone":"","plate_number":"","photo":["\/admin\/upload\/maps\/261396de64e968ef8d6366f14aadc8eb.jpg"],"remark":"","id":"4436","state":"2","gps":"39.839523,116.4172"}

写入时间：2019-02-21 17:44:17  成功信息：{"recordid":[],"state":1}
====================+++++++++++++++++++结束+++++++++++++++++++================



时间：2019-02-21 17:44:19   IP：14.131.115.166 Userid:103286
====================+++++++++++++++++++开始+++++++++++++++++++================


其它输出：

2019-02-21 17:44:19:  {"name":"\u8def\u6d77\u950b","phone":"15911131925","driver_name":"","type":"0","driver_phone":"","plate_number":"","photo":["\/admin\/upload\/maps\/261396de64e968ef8d6366f14aadc8eb.jpg"],"remark":"","id":"4436","state":"2","gps":"39.839523,116.4172"}

写入时间：2019-02-21 17:44:19  错误信息：{"status":1,"msg":"\u5df2\u7ecf\u4e0a\u4f20\u8fc7\u8be5\u6b65\u9aa4\u76d1\u7ba1\u4fe1\u606f"}
====================+++++++++++++++++++结束+++++++++++++++++++================



时间：2019-02-21 17:45:27   IP：14.131.115.166 Userid:103286
====================+++++++++++++++++++开始+++++++++++++++++++================


其它输出：

2019-02-21 17:45:27:  {"name":"\u8def\u6d77\u950b","phone":"15911131925","driver_name":"\u6813","type":"0","driver_phone":"11111599966","plate_number":"\u5180-555555","photo":["\/admin\/upload\/maps\/e571d2003cb17d6adcac95396a3a006c.jpg"],"remark":"","id":"4436","state":"3","gps":"39.83939,116.417114"}

写入时间：2019-02-21 17:45:27  成功信息：{"recordid":[],"state":1}
====================+++++++++++++++++++结束+++++++++++++++++++================


