
时间：2019-02-21 10:26:47   IP：14.131.115.166 Userid:103286
====================+++++++++++++++++++开始+++++++++++++++++++================


其它输出：

写入时间：2019-02-21 10:26:47:  {"tree_name":"\u767d\u8721","dbh":"22","crown":"5","plant_height":"8","id":"4436","tree_attribute":"","high_branch_point":"2.8"}

写入时间：2019-02-21 10:26:47:  {"status":0,"msg":"\u4e8c\u6b21\u7ed1\u5b9a\u6210\u529f"}
====================+++++++++++++++++++结束+++++++++++++++++++================



时间：2019-02-21 10:29:27   IP：14.131.115.166 Userid:98890
====================+++++++++++++++++++开始+++++++++++++++++++================


其它输出：

写入时间：2019-02-21 10:29:27:  {"tree_name":"\u53d1\u8d22\u6811","dbh":"5","crown":"2","plant_height":"8","id":"4437","tree_attribute":"","high_branch_point":""}

写入时间：2019-02-21 10:29:27:  {"status":0,"msg":"\u4e8c\u6b21\u7ed1\u5b9a\u6210\u529f"}
====================+++++++++++++++++++结束+++++++++++++++++++================



时间：2019-02-21 18:37:30   IP：221.192.180.212 Userid:103286
====================+++++++++++++++++++开始+++++++++++++++++++================


其它输出：

写入时间：2019-02-21 18:37:30:  {"tree_name":"\u96ea\u677e","dbh":"15","crown":"4","plant_height":"9","id":"4447","tree_attribute":"","high_branch_point":""}

写入时间：2019-02-21 18:37:30:  {"status":0,"msg":"\u4e8c\u6b21\u7ed1\u5b9a\u6210\u529f"}
====================+++++++++++++++++++结束+++++++++++++++++++================



时间：2019-02-21 18:44:34   IP：221.192.180.212 Userid:103286
====================+++++++++++++++++++开始+++++++++++++++++++================


其它输出：

写入时间：2019-02-21 18:44:34:  {"tree_name":"\u96ea\u677e","dbh":"15","crown":"5","plant_height":"9","id":"4446","tree_attribute":"\u96ea\u677e2\u53f7","high_branch_point":""}

写入时间：2019-02-21 18:44:34:  {"status":0,"msg":"\u4e8c\u6b21\u7ed1\u5b9a\u6210\u529f"}
====================+++++++++++++++++++结束+++++++++++++++++++================



时间：2019-02-21 18:45:00   IP：221.192.180.212 Userid:103286
====================+++++++++++++++++++开始+++++++++++++++++++================


其它输出：

写入时间：2019-02-21 18:45:00:  {"tree_name":"\u96ea\u677e","dbh":"15","crown":"5","plant_height":"9","id":"4445","tree_attribute":"\u96ea\u677e3\u53f7","high_branch_point":""}

写入时间：2019-02-21 18:45:00:  {"status":0,"msg":"\u4e8c\u6b21\u7ed1\u5b9a\u6210\u529f"}
====================+++++++++++++++++++结束+++++++++++++++++++================



时间：2019-02-21 18:45:28   IP：221.192.180.212 Userid:103286
====================+++++++++++++++++++开始+++++++++++++++++++================


其它输出：

写入时间：2019-02-21 18:45:28:  {"tree_name":"\u96ea\u677e","dbh":"15","crown":"5","plant_height":"9","id":"4444","tree_attribute":"\u96ea\u677e4\u53f7","high_branch_point":""}

写入时间：2019-02-21 18:45:28:  {"status":0,"msg":"\u4e8c\u6b21\u7ed1\u5b9a\u6210\u529f"}
====================+++++++++++++++++++结束+++++++++++++++++++================



时间：2019-02-21 18:45:56   IP：221.192.180.212 Userid:103286
====================+++++++++++++++++++开始+++++++++++++++++++================


其它输出：

写入时间：2019-02-21 18:45:56:  {"tree_name":"\u96ea\u677e","dbh":"15","crown":"5","plant_height":"9","id":"4443","tree_attribute":"\u96ea\u677e5\u53f7","high_branch_point":""}

写入时间：2019-02-21 18:45:56:  {"status":0,"msg":"\u4e8c\u6b21\u7ed1\u5b9a\u6210\u529f"}
====================+++++++++++++++++++结束+++++++++++++++++++================



时间：2019-02-21 18:46:27   IP：221.192.180.212 Userid:103286
====================+++++++++++++++++++开始+++++++++++++++++++================


其它输出：

写入时间：2019-02-21 18:46:27:  {"tree_name":"\u96ea\u677e","dbh":"15","crown":"5","plant_height":"9","id":"4442","tree_attribute":"\u96ea\u677e6\u53f7","high_branch_point":""}

写入时间：2019-02-21 18:46:27:  {"status":0,"msg":"\u4e8c\u6b21\u7ed1\u5b9a\u6210\u529f"}
====================+++++++++++++++++++结束+++++++++++++++++++================



时间：2019-02-21 18:47:03   IP：221.192.180.212 Userid:103286
====================+++++++++++++++++++开始+++++++++++++++++++================


其它输出：

写入时间：2019-02-21 18:47:03:  {"tree_name":"\u96ea\u677e","dbh":"15","crown":"5","plant_height":"9","id":"4441","tree_attribute":"\u96ea\u677e7\u53f7","high_branch_point":""}

写入时间：2019-02-21 18:47:03:  {"status":0,"msg":"\u4e8c\u6b21\u7ed1\u5b9a\u6210\u529f"}
====================+++++++++++++++++++结束+++++++++++++++++++================



时间：2019-02-21 18:47:26   IP：221.192.180.212 Userid:103286
====================+++++++++++++++++++开始+++++++++++++++++++================


其它输出：

写入时间：2019-02-21 18:47:26:  {"tree_name":"\u96ea\u677e","dbh":"15","crown":"5","plant_height":"9","id":"4440","tree_attribute":"\u96ea\u677e8\u53f7","high_branch_point":""}

写入时间：2019-02-21 18:47:26:  {"status":0,"msg":"\u4e8c\u6b21\u7ed1\u5b9a\u6210\u529f"}
====================+++++++++++++++++++结束+++++++++++++++++++================



时间：2019-02-21 18:47:53   IP：221.192.180.212 Userid:103286
====================+++++++++++++++++++开始+++++++++++++++++++================


其它输出：

写入时间：2019-02-21 18:47:53:  {"tree_name":"\u96ea\u677e","dbh":"15","crown":"5","plant_height":"9","id":"4439","tree_attribute":"\u96ea\u677e9\u53f7","high_branch_point":""}

写入时间：2019-02-21 18:47:53:  {"status":0,"msg":"\u4e8c\u6b21\u7ed1\u5b9a\u6210\u529f"}
====================+++++++++++++++++++结束+++++++++++++++++++================


