
时间：2019-02-20 15:02:28   IP：14.131.115.166 Userid:130840
====================+++++++++++++++++++开始+++++++++++++++++++================


其它输出：

2019-02-20 15:02:28:  {"name":"\u674e\u5fe0\u9633","phone":"17610687083","driver_name":"","type":"0","driver_phone":"","plate_number":"","photo":["\/admin\/upload\/maps\/091d1081c3ce64ebcb688f6f0fe69c09.jpg"],"remark":"\u533f\u540d\u54e6","id":"4434","state":"1","gps":"39.839515686035156,116.41695404052734"}

写入时间：2019-02-20 15:02:28  成功信息：{"recordid":[],"state":1}
====================+++++++++++++++++++结束+++++++++++++++++++================



时间：2019-02-20 15:02:44   IP：14.131.115.166 Userid:130840
====================+++++++++++++++++++开始+++++++++++++++++++================


其它输出：

2019-02-20 15:02:44:  {"name":"\u674e\u5fe0\u9633","phone":"17610687083","driver_name":"","type":"0","driver_phone":"","plate_number":"","photo":["\/admin\/upload\/maps\/f2187c309a03a159761b80e6d9071099.jpg"],"remark":"\u533f\u540d\u54e6","id":"4434","state":"2","gps":"39.83955383300781,116.41714477539062"}

写入时间：2019-02-20 15:02:44  成功信息：{"recordid":[],"state":1}
====================+++++++++++++++++++结束+++++++++++++++++++================



时间：2019-02-20 15:03:15   IP：14.131.115.166 Userid:130840
====================+++++++++++++++++++开始+++++++++++++++++++================


其它输出：

2019-02-20 15:03:15:  {"name":"\u674e\u5fe0\u9633","phone":"17610687083","driver_name":"\u54e6\u54e6\u54e6\u54e6\u54e6","type":"0","driver_phone":"\u964c\u964c","plate_number":"\u964c\u964c","photo":["\/admin\/upload\/maps\/f9cde0ec67fab16a89a2eaea9aef5020.jpg"],"remark":"\u54e6\u54e6\u54e6\u54e6\u54e6","id":"4434","state":"3","gps":"39.83955001831055,116.4171371459961"}

写入时间：2019-02-20 15:03:15  成功信息：{"recordid":[],"state":1}
====================+++++++++++++++++++结束+++++++++++++++++++================



时间：2019-02-20 15:09:02   IP：61.148.243.13 Userid:134049
====================+++++++++++++++++++开始+++++++++++++++++++================


其它输出：

2019-02-20 15:09:02:  {"name":"A-\u4e54\u5927\u5927","phone":"17600081885","driver_name":"","type":"0","driver_phone":"","plate_number":"","photo":["\/admin\/upload\/maps\/8975c4fa6e293c19d8d4865a27ff0df5.jpg"],"remark":"","id":"4435","state":"1","gps":"39.83962631225586,116.41706085205078"}

写入时间：2019-02-20 15:09:02  成功信息：{"recordid":[],"state":1}
====================+++++++++++++++++++结束+++++++++++++++++++================


