
时间：2019-03-23 13:45:46   IP：221.192.179.181 Userid:107065
====================+++++++++++++++++++开始+++++++++++++++++++================


其它输出：

2019-03-23 13:45:46:  {"name":"\u6cb3\u5317\u4fdd\u5b9a\u8dc3\u806a\u56ed\u6797\u6709\u9650\u516c\u53f8-\u51ac\u6885","phone":"18632293518","driver_name":"","type":"0","driver_phone":"","plate_number":"","photo":["\/admin\/upload\/maps\/6c83121db66d45e86c02bedcc4798bea.jpg","\/admin\/upload\/maps\/951ef14799ff806988e71b043f342d2d.jpg"],"remark":"","id":"4514","state":"2","gps":""}

写入时间：2019-03-23 13:45:46  成功信息：{"recordid":[],"state":1}
====================+++++++++++++++++++结束+++++++++++++++++++================



时间：2019-03-23 14:36:25   IP：221.192.179.181 Userid:107065
====================+++++++++++++++++++开始+++++++++++++++++++================


其它输出：

2019-03-23 14:36:25:  {"name":"\u6cb3\u5317\u4fdd\u5b9a\u8dc3\u806a\u56ed\u6797\u6709\u9650\u516c\u53f8-\u51ac\u6885","phone":"18632293518","driver_name":"","type":"0","driver_phone":"","plate_number":"","photo":["\/admin\/upload\/maps\/2a0ad056a903038aa7041a34fb9c20bc.jpg"],"remark":"","id":"4521","state":"2","gps":""}

写入时间：2019-03-23 14:36:25  成功信息：{"recordid":[],"state":1}
====================+++++++++++++++++++结束+++++++++++++++++++================



时间：2019-03-23 14:36:57   IP：221.192.179.181 Userid:107065
====================+++++++++++++++++++开始+++++++++++++++++++================


其它输出：

2019-03-23 14:36:57:  {"name":"\u6cb3\u5317\u4fdd\u5b9a\u8dc3\u806a\u56ed\u6797\u6709\u9650\u516c\u53f8-\u51ac\u6885","phone":"18632293518","driver_name":"","type":"0","driver_phone":"","plate_number":"","photo":["\/admin\/upload\/maps\/d2a04771d79b006f409e0a1789f739ff.jpg"],"remark":"","id":"4528","state":"2","gps":""}

写入时间：2019-03-23 14:36:57  成功信息：{"recordid":[],"state":1}
====================+++++++++++++++++++结束+++++++++++++++++++================



时间：2019-03-23 14:38:24   IP：221.192.179.181 Userid:107065
====================+++++++++++++++++++开始+++++++++++++++++++================


其它输出：

2019-03-23 14:38:24:  {"name":"\u6cb3\u5317\u4fdd\u5b9a\u8dc3\u806a\u56ed\u6797\u6709\u9650\u516c\u53f8-\u51ac\u6885","phone":"18632293518","driver_name":"","type":"0","driver_phone":"","plate_number":"","photo":["\/admin\/upload\/maps\/240f093f34bdf084640eb4fb86fc01aa.jpg"],"remark":"","id":"4541","state":"2","gps":"38.124,116.35319"}

写入时间：2019-03-23 14:38:24  成功信息：{"recordid":[],"state":1}
====================+++++++++++++++++++结束+++++++++++++++++++================



时间：2019-03-23 14:39:52   IP：221.192.179.181 Userid:107065
====================+++++++++++++++++++开始+++++++++++++++++++================


其它输出：

2019-03-23 14:39:52:  {"name":"\u6cb3\u5317\u4fdd\u5b9a\u8dc3\u806a\u56ed\u6797\u6709\u9650\u516c\u53f8-\u51ac\u6885","phone":"18632293518","driver_name":"","type":"0","driver_phone":"","plate_number":"","photo":["\/admin\/upload\/maps\/7bf7c1e56e45ad81e15b176cc87ce967.jpg"],"remark":"","id":"4538","state":"2","gps":"38.124,116.35319"}

写入时间：2019-03-23 14:39:52  成功信息：{"recordid":[],"state":1}
====================+++++++++++++++++++结束+++++++++++++++++++================



时间：2019-03-23 14:41:30   IP：221.192.179.181 Userid:107065
====================+++++++++++++++++++开始+++++++++++++++++++================


其它输出：

2019-03-23 14:41:30:  {"name":"\u6cb3\u5317\u4fdd\u5b9a\u8dc3\u806a\u56ed\u6797\u6709\u9650\u516c\u53f8-\u51ac\u6885","phone":"18632293518","driver_name":"","type":"0","driver_phone":"","plate_number":"","photo":["\/admin\/upload\/maps\/fe755a2e7d2cc282d4b6147ed4a938c9.jpg"],"remark":"","id":"4527","state":"2","gps":"38.116806,116.33959"}

写入时间：2019-03-23 14:41:30  成功信息：{"recordid":[],"state":1}
====================+++++++++++++++++++结束+++++++++++++++++++================



时间：2019-03-23 14:42:07   IP：221.192.179.181 Userid:107065
====================+++++++++++++++++++开始+++++++++++++++++++================


其它输出：

2019-03-23 14:42:07:  {"name":"\u6cb3\u5317\u4fdd\u5b9a\u8dc3\u806a\u56ed\u6797\u6709\u9650\u516c\u53f8-\u51ac\u6885","phone":"18632293518","driver_name":"","type":"0","driver_phone":"","plate_number":"","photo":["\/admin\/upload\/maps\/ccdd8607cf9ebe5e512959c22c4344af.jpg"],"remark":"","id":"4534","state":"2","gps":""}

写入时间：2019-03-23 14:42:07  成功信息：{"recordid":[],"state":1}
====================+++++++++++++++++++结束+++++++++++++++++++================



时间：2019-03-23 14:44:59   IP：221.192.179.181 Userid:107065
====================+++++++++++++++++++开始+++++++++++++++++++================


其它输出：

2019-03-23 14:44:59:  {"name":"\u6cb3\u5317\u4fdd\u5b9a\u8dc3\u806a\u56ed\u6797\u6709\u9650\u516c\u53f8-\u51ac\u6885","phone":"18632293518","driver_name":"","type":"0","driver_phone":"","plate_number":"","photo":["\/admin\/upload\/maps\/d26e450fac3c40e396ce0c0b4299e26a.jpg"],"remark":"","id":"4530","state":"2","gps":""}

写入时间：2019-03-23 14:44:59  成功信息：{"recordid":[],"state":1}
====================+++++++++++++++++++结束+++++++++++++++++++================


