
时间：2019-03-22 15:22:27   IP：221.192.179.230 Userid:107065
====================+++++++++++++++++++开始+++++++++++++++++++================


其它输出：

2019-03-22 15:22:27:  {"name":"\u6cb3\u5317\u4fdd\u5b9a\u8dc3\u806a\u56ed\u6797\u6709\u9650\u516c\u53f8-\u51ac\u6885","phone":"18632293518","driver_name":"","type":"0","driver_phone":"","plate_number":"","photo":["\/admin\/upload\/maps\/17debd89f77690fd114dbc503b1b83ec.jpg"],"remark":"","id":"4521","state":"1","gps":""}

写入时间：2019-03-22 15:22:27  成功信息：{"recordid":[],"state":1}
====================+++++++++++++++++++结束+++++++++++++++++++================



时间：2019-03-22 15:23:37   IP：221.192.179.230 Userid:107065
====================+++++++++++++++++++开始+++++++++++++++++++================


其它输出：

2019-03-22 15:23:37:  {"name":"\u6cb3\u5317\u4fdd\u5b9a\u8dc3\u806a\u56ed\u6797\u6709\u9650\u516c\u53f8-\u51ac\u6885","phone":"18632293518","driver_name":"","type":"0","driver_phone":"","plate_number":"","photo":["\/admin\/upload\/maps\/c517b02d15c6eab81d97a4bf543e162b.jpg"],"remark":"","id":"4531","state":"1","gps":"38.12764,116.35352"}

写入时间：2019-03-22 15:23:37  成功信息：{"recordid":[],"state":1}
====================+++++++++++++++++++结束+++++++++++++++++++================



时间：2019-03-22 15:25:19   IP：221.192.179.230 Userid:107065
====================+++++++++++++++++++开始+++++++++++++++++++================


其它输出：

2019-03-22 15:25:19:  {"name":"\u6cb3\u5317\u4fdd\u5b9a\u8dc3\u806a\u56ed\u6797\u6709\u9650\u516c\u53f8-\u51ac\u6885","phone":"18632293518","driver_name":"","type":"0","driver_phone":"","plate_number":"","photo":["\/admin\/upload\/maps\/6d9e1d268dd98892713a941e5fe0b361.jpg"],"remark":"","id":"4541","state":"1","gps":"38.12764,116.35352"}

写入时间：2019-03-22 15:25:19  成功信息：{"recordid":[],"state":1}
====================+++++++++++++++++++结束+++++++++++++++++++================



时间：2019-03-22 15:26:05   IP：221.192.179.230 Userid:107065
====================+++++++++++++++++++开始+++++++++++++++++++================


其它输出：

2019-03-22 15:26:05:  {"name":"\u6cb3\u5317\u4fdd\u5b9a\u8dc3\u806a\u56ed\u6797\u6709\u9650\u516c\u53f8-\u51ac\u6885","phone":"18632293518","driver_name":"","type":"0","driver_phone":"","plate_number":"","photo":["\/admin\/upload\/maps\/273912ade9385193d60331a486ca1da6.jpg"],"remark":"","id":"4540","state":"1","gps":""}

写入时间：2019-03-22 15:26:05  成功信息：{"recordid":[],"state":1}
====================+++++++++++++++++++结束+++++++++++++++++++================



时间：2019-03-22 15:26:55   IP：221.192.179.230 Userid:107065
====================+++++++++++++++++++开始+++++++++++++++++++================


其它输出：

2019-03-22 15:26:55:  {"name":"\u6cb3\u5317\u4fdd\u5b9a\u8dc3\u806a\u56ed\u6797\u6709\u9650\u516c\u53f8-\u51ac\u6885","phone":"18632293518","driver_name":"","type":"0","driver_phone":"","plate_number":"","photo":["\/admin\/upload\/maps\/5ffa45349148890ccf2c24dca9a0f208.jpg"],"remark":"","id":"4539","state":"1","gps":"38.12764,116.35352"}

写入时间：2019-03-22 15:26:55  成功信息：{"recordid":[],"state":1}
====================+++++++++++++++++++结束+++++++++++++++++++================



时间：2019-03-22 15:27:30   IP：221.192.179.230 Userid:107065
====================+++++++++++++++++++开始+++++++++++++++++++================


其它输出：

2019-03-22 15:27:30:  {"name":"\u6cb3\u5317\u4fdd\u5b9a\u8dc3\u806a\u56ed\u6797\u6709\u9650\u516c\u53f8-\u51ac\u6885","phone":"18632293518","driver_name":"","type":"0","driver_phone":"","plate_number":"","photo":["\/admin\/upload\/maps\/9ecea3c213eba8bfe639f7867b28f1a9.jpg"],"remark":"","id":"4538","state":"1","gps":"38.12764,116.35352"}

写入时间：2019-03-22 15:27:30  成功信息：{"recordid":[],"state":1}
====================+++++++++++++++++++结束+++++++++++++++++++================



时间：2019-03-22 15:30:19   IP：221.192.179.230 Userid:107065
====================+++++++++++++++++++开始+++++++++++++++++++================


其它输出：

2019-03-22 15:30:19:  {"name":"\u6cb3\u5317\u4fdd\u5b9a\u8dc3\u806a\u56ed\u6797\u6709\u9650\u516c\u53f8-\u51ac\u6885","phone":"18632293518","driver_name":"","type":"0","driver_phone":"","plate_number":"","photo":["\/admin\/upload\/maps\/b61a2967dbdeff4f72e63ce37a02471d.jpg"],"remark":"","id":"4537","state":"1","gps":""}

写入时间：2019-03-22 15:30:19  成功信息：{"recordid":[],"state":1}
====================+++++++++++++++++++结束+++++++++++++++++++================



时间：2019-03-22 15:31:02   IP：221.192.179.230 Userid:107065
====================+++++++++++++++++++开始+++++++++++++++++++================


其它输出：

2019-03-22 15:31:02:  {"name":"\u6cb3\u5317\u4fdd\u5b9a\u8dc3\u806a\u56ed\u6797\u6709\u9650\u516c\u53f8-\u51ac\u6885","phone":"18632293518","driver_name":"","type":"0","driver_phone":"","plate_number":"","photo":["\/admin\/upload\/maps\/7f0c3548df5ce5e577dc8f3fbcf7ecf6.jpg"],"remark":"","id":"4536","state":"1","gps":"38.12764,116.35352"}

写入时间：2019-03-22 15:31:02  成功信息：{"recordid":[],"state":1}
====================+++++++++++++++++++结束+++++++++++++++++++================



时间：2019-03-22 15:31:03   IP：221.192.179.230 Userid:107065
====================+++++++++++++++++++开始+++++++++++++++++++================


其它输出：

2019-03-22 15:31:03:  {"name":"\u6cb3\u5317\u4fdd\u5b9a\u8dc3\u806a\u56ed\u6797\u6709\u9650\u516c\u53f8-\u51ac\u6885","phone":"18632293518","driver_name":"","type":"0","driver_phone":"","plate_number":"","photo":["\/admin\/upload\/maps\/7f0c3548df5ce5e577dc8f3fbcf7ecf6.jpg"],"remark":"","id":"4536","state":"1","gps":"38.12764,116.35352"}

写入时间：2019-03-22 15:31:03  错误信息：{"status":1,"msg":"\u5df2\u7ecf\u4e0a\u4f20\u8fc7\u8be5\u6b65\u9aa4\u76d1\u7ba1\u4fe1\u606f"}
====================+++++++++++++++++++结束+++++++++++++++++++================



时间：2019-03-22 15:31:54   IP：221.192.179.230 Userid:107065
====================+++++++++++++++++++开始+++++++++++++++++++================


其它输出：

2019-03-22 15:31:54:  {"name":"\u6cb3\u5317\u4fdd\u5b9a\u8dc3\u806a\u56ed\u6797\u6709\u9650\u516c\u53f8-\u51ac\u6885","phone":"18632293518","driver_name":"","type":"0","driver_phone":"","plate_number":"","photo":["\/admin\/upload\/maps\/d1b1630eb4bf519b50621b5927830742.jpg"],"remark":"","id":"4535","state":"1","gps":"38.12764,116.35352"}

写入时间：2019-03-22 15:31:54  成功信息：{"recordid":[],"state":1}
====================+++++++++++++++++++结束+++++++++++++++++++================



时间：2019-03-22 15:33:43   IP：221.192.179.230 Userid:107065
====================+++++++++++++++++++开始+++++++++++++++++++================


其它输出：

2019-03-22 15:33:43:  {"name":"\u6cb3\u5317\u4fdd\u5b9a\u8dc3\u806a\u56ed\u6797\u6709\u9650\u516c\u53f8-\u51ac\u6885","phone":"18632293518","driver_name":"","type":"0","driver_phone":"","plate_number":"","photo":["\/admin\/upload\/maps\/a36a71f41891f44f4a8065f0c8c4a7f9.jpg"],"remark":"","id":"4532","state":"1","gps":""}

写入时间：2019-03-22 15:33:43  成功信息：{"recordid":[],"state":1}
====================+++++++++++++++++++结束+++++++++++++++++++================



时间：2019-03-22 15:34:18   IP：221.192.179.230 Userid:107065
====================+++++++++++++++++++开始+++++++++++++++++++================


其它输出：

2019-03-22 15:34:18:  {"name":"\u6cb3\u5317\u4fdd\u5b9a\u8dc3\u806a\u56ed\u6797\u6709\u9650\u516c\u53f8-\u51ac\u6885","phone":"18632293518","driver_name":"","type":"0","driver_phone":"","plate_number":"","photo":["\/admin\/upload\/maps\/34add7755c55a68cd8d9276767913bd4.jpg"],"remark":"","id":"4533","state":"1","gps":"38.12764,116.35352"}

写入时间：2019-03-22 15:34:18  成功信息：{"recordid":[],"state":1}
====================+++++++++++++++++++结束+++++++++++++++++++================



时间：2019-03-22 15:35:11   IP：221.192.179.230 Userid:107065
====================+++++++++++++++++++开始+++++++++++++++++++================


其它输出：

2019-03-22 15:35:11:  {"name":"\u6cb3\u5317\u4fdd\u5b9a\u8dc3\u806a\u56ed\u6797\u6709\u9650\u516c\u53f8-\u51ac\u6885","phone":"18632293518","driver_name":"","type":"0","driver_phone":"","plate_number":"","photo":["\/admin\/upload\/maps\/c6a103e4daa26610b788d58170061229.jpg"],"remark":"","id":"4534","state":"1","gps":"38.12764,116.35352"}

写入时间：2019-03-22 15:35:11  成功信息：{"recordid":[],"state":1}
====================+++++++++++++++++++结束+++++++++++++++++++================



时间：2019-03-22 15:35:59   IP：221.192.179.230 Userid:107065
====================+++++++++++++++++++开始+++++++++++++++++++================


其它输出：

2019-03-22 15:35:59:  {"name":"\u6cb3\u5317\u4fdd\u5b9a\u8dc3\u806a\u56ed\u6797\u6709\u9650\u516c\u53f8-\u51ac\u6885","phone":"18632293518","driver_name":"","type":"0","driver_phone":"","plate_number":"","photo":["\/admin\/upload\/maps\/d4352d71aaf59f66ff9668c35177a5dc.jpg"],"remark":"","id":"4530","state":"1","gps":"38.122967,116.35403"}

写入时间：2019-03-22 15:35:59  成功信息：{"recordid":[],"state":1}
====================+++++++++++++++++++结束+++++++++++++++++++================



时间：2019-03-22 15:36:56   IP：221.192.179.230 Userid:107065
====================+++++++++++++++++++开始+++++++++++++++++++================


其它输出：

2019-03-22 15:36:56:  {"name":"\u6cb3\u5317\u4fdd\u5b9a\u8dc3\u806a\u56ed\u6797\u6709\u9650\u516c\u53f8-\u51ac\u6885","phone":"18632293518","driver_name":"","type":"0","driver_phone":"","plate_number":"","photo":["\/admin\/upload\/maps\/f846face78b9e7f3fae15633089bd181.jpg"],"remark":"","id":"4529","state":"1","gps":"38.12764,116.35352"}

写入时间：2019-03-22 15:36:56  成功信息：{"recordid":[],"state":1}
====================+++++++++++++++++++结束+++++++++++++++++++================



时间：2019-03-22 15:37:36   IP：221.192.179.230 Userid:107065
====================+++++++++++++++++++开始+++++++++++++++++++================


其它输出：

2019-03-22 15:37:36:  {"name":"\u6cb3\u5317\u4fdd\u5b9a\u8dc3\u806a\u56ed\u6797\u6709\u9650\u516c\u53f8-\u51ac\u6885","phone":"18632293518","driver_name":"","type":"0","driver_phone":"","plate_number":"","photo":["\/admin\/upload\/maps\/98ca438f549fb57615488ecc904aa3d2.jpg"],"remark":"","id":"4522","state":"1","gps":""}

写入时间：2019-03-22 15:37:36  成功信息：{"recordid":[],"state":1}
====================+++++++++++++++++++结束+++++++++++++++++++================



时间：2019-03-22 15:38:43   IP：221.192.179.230 Userid:107065
====================+++++++++++++++++++开始+++++++++++++++++++================


其它输出：

2019-03-22 15:38:43:  {"name":"\u6cb3\u5317\u4fdd\u5b9a\u8dc3\u806a\u56ed\u6797\u6709\u9650\u516c\u53f8-\u51ac\u6885","phone":"18632293518","driver_name":"","type":"0","driver_phone":"","plate_number":"","photo":["\/admin\/upload\/maps\/0c9d4c6b2adac73e1a02802282107aa8.jpg"],"remark":"","id":"4523","state":"1","gps":"38.12764,116.35352"}

写入时间：2019-03-22 15:38:43  成功信息：{"recordid":[],"state":1}
====================+++++++++++++++++++结束+++++++++++++++++++================



时间：2019-03-22 15:40:24   IP：221.192.179.230 Userid:107065
====================+++++++++++++++++++开始+++++++++++++++++++================


其它输出：

2019-03-22 15:40:24:  {"name":"\u6cb3\u5317\u4fdd\u5b9a\u8dc3\u806a\u56ed\u6797\u6709\u9650\u516c\u53f8-\u51ac\u6885","phone":"18632293518","driver_name":"","type":"0","driver_phone":"","plate_number":"","photo":["\/admin\/upload\/maps\/cb00e71b7bfa517bf441ac0b7f38662e.jpg"],"remark":"","id":"4528","state":"1","gps":"38.12764,116.35352"}

写入时间：2019-03-22 15:40:24  成功信息：{"recordid":[],"state":1}
====================+++++++++++++++++++结束+++++++++++++++++++================



时间：2019-03-22 15:41:30   IP：221.192.179.230 Userid:107065
====================+++++++++++++++++++开始+++++++++++++++++++================


其它输出：

2019-03-22 15:41:30:  {"name":"\u6cb3\u5317\u4fdd\u5b9a\u8dc3\u806a\u56ed\u6797\u6709\u9650\u516c\u53f8-\u51ac\u6885","phone":"18632293518","driver_name":"","type":"0","driver_phone":"","plate_number":"","photo":["\/admin\/upload\/maps\/b082ddf34b45197955fe10c752c4b5d5.jpg"],"remark":"","id":"4527","state":"1","gps":"38.12764,116.35352"}

写入时间：2019-03-22 15:41:30  成功信息：{"recordid":[],"state":1}
====================+++++++++++++++++++结束+++++++++++++++++++================



时间：2019-03-22 15:41:57   IP：221.192.179.230 Userid:107065
====================+++++++++++++++++++开始+++++++++++++++++++================


其它输出：

2019-03-22 15:41:57:  {"name":"\u6cb3\u5317\u4fdd\u5b9a\u8dc3\u806a\u56ed\u6797\u6709\u9650\u516c\u53f8-\u51ac\u6885","phone":"18632293518","driver_name":"","type":"0","driver_phone":"","plate_number":"","photo":["\/admin\/upload\/maps\/2b7e9ebff50a8ee925fe74859741241c.jpg"],"remark":"","id":"4524","state":"1","gps":""}

写入时间：2019-03-22 15:41:57  成功信息：{"recordid":[],"state":1}
====================+++++++++++++++++++结束+++++++++++++++++++================



时间：2019-03-22 15:43:20   IP：221.192.179.230 Userid:107065
====================+++++++++++++++++++开始+++++++++++++++++++================


其它输出：

2019-03-22 15:43:20:  {"name":"\u6cb3\u5317\u4fdd\u5b9a\u8dc3\u806a\u56ed\u6797\u6709\u9650\u516c\u53f8-\u51ac\u6885","phone":"18632293518","driver_name":"","type":"0","driver_phone":"","plate_number":"","photo":["\/admin\/upload\/maps\/b149044e50c4cc8e75f2c33826d055ac.jpg"],"remark":"","id":"4525","state":"1","gps":"38.12764,116.35352"}

写入时间：2019-03-22 15:43:20  成功信息：{"recordid":[],"state":1}
====================+++++++++++++++++++结束+++++++++++++++++++================



时间：2019-03-22 15:52:52   IP：221.192.179.230 Userid:107065
====================+++++++++++++++++++开始+++++++++++++++++++================


其它输出：

2019-03-22 15:52:52:  {"name":"\u6cb3\u5317\u4fdd\u5b9a\u8dc3\u806a\u56ed\u6797\u6709\u9650\u516c\u53f8-\u51ac\u6885","phone":"18632293518","driver_name":"","type":"0","driver_phone":"","plate_number":"","photo":["\/admin\/upload\/maps\/ddebabc93619532ca4cc5a472abf908c.jpg"],"remark":"","id":"4526","state":"1","gps":"38.12764,116.35352"}

写入时间：2019-03-22 15:52:52  成功信息：{"recordid":[],"state":1}
====================+++++++++++++++++++结束+++++++++++++++++++================



时间：2019-03-22 16:35:10   IP：221.192.179.230 Userid:107065
====================+++++++++++++++++++开始+++++++++++++++++++================


其它输出：

2019-03-22 16:35:10:  {"name":"\u6cb3\u5317\u4fdd\u5b9a\u8dc3\u806a\u56ed\u6797\u6709\u9650\u516c\u53f8-\u51ac\u6885","phone":"18632293518","driver_name":"","type":"0","driver_phone":"","plate_number":"","photo":["\/admin\/upload\/maps\/c975ab3a0781064760a44e5b5b8191ec.jpg"],"remark":"","id":"4520","state":"1","gps":""}

写入时间：2019-03-22 16:35:10  成功信息：{"recordid":[],"state":1}
====================+++++++++++++++++++结束+++++++++++++++++++================



时间：2019-03-22 16:35:59   IP：221.192.179.230 Userid:107065
====================+++++++++++++++++++开始+++++++++++++++++++================


其它输出：

2019-03-22 16:35:59:  {"name":"\u6cb3\u5317\u4fdd\u5b9a\u8dc3\u806a\u56ed\u6797\u6709\u9650\u516c\u53f8-\u51ac\u6885","phone":"18632293518","driver_name":"","type":"0","driver_phone":"","plate_number":"","photo":["\/admin\/upload\/maps\/626bccf27f91c5e0b8e120b7517c5ba5.jpg"],"remark":"","id":"4519","state":"1","gps":"38.163242,116.36496"}

写入时间：2019-03-22 16:35:59  成功信息：{"recordid":[],"state":1}
====================+++++++++++++++++++结束+++++++++++++++++++================



时间：2019-03-22 16:37:13   IP：221.192.179.230 Userid:107065
====================+++++++++++++++++++开始+++++++++++++++++++================


其它输出：

2019-03-22 16:37:13:  {"name":"\u6cb3\u5317\u4fdd\u5b9a\u8dc3\u806a\u56ed\u6797\u6709\u9650\u516c\u53f8-\u51ac\u6885","phone":"18632293518","driver_name":"","type":"0","driver_phone":"","plate_number":"","photo":["\/admin\/upload\/maps\/0c58598b4dcd700f75815418b957e025.jpg"],"remark":"","id":"4518","state":"1","gps":"38.163242,116.36496"}

写入时间：2019-03-22 16:37:13  成功信息：{"recordid":[],"state":1}
====================+++++++++++++++++++结束+++++++++++++++++++================



时间：2019-03-22 16:37:59   IP：221.192.179.230 Userid:107065
====================+++++++++++++++++++开始+++++++++++++++++++================


其它输出：

2019-03-22 16:37:59:  {"name":"\u6cb3\u5317\u4fdd\u5b9a\u8dc3\u806a\u56ed\u6797\u6709\u9650\u516c\u53f8-\u51ac\u6885","phone":"18632293518","driver_name":"","type":"0","driver_phone":"","plate_number":"","photo":["\/admin\/upload\/maps\/73a42dc46d1ef7855158c9e8a17e15b3.jpg"],"remark":"","id":"4512","state":"1","gps":"38.166836,116.36423"}

写入时间：2019-03-22 16:37:59  成功信息：{"recordid":[],"state":1}
====================+++++++++++++++++++结束+++++++++++++++++++================



时间：2019-03-22 16:38:35   IP：221.192.179.230 Userid:107065
====================+++++++++++++++++++开始+++++++++++++++++++================


其它输出：

2019-03-22 16:38:35:  {"name":"\u6cb3\u5317\u4fdd\u5b9a\u8dc3\u806a\u56ed\u6797\u6709\u9650\u516c\u53f8-\u51ac\u6885","phone":"18632293518","driver_name":"","type":"0","driver_phone":"","plate_number":"","photo":["\/admin\/upload\/maps\/ddf685cf85bb7b0943040b2d31499a92.jpg"],"remark":"","id":"4513","state":"1","gps":"38.163242,116.36496"}

写入时间：2019-03-22 16:38:35  成功信息：{"recordid":[],"state":1}
====================+++++++++++++++++++结束+++++++++++++++++++================



时间：2019-03-22 16:40:34   IP：221.192.179.230 Userid:107065
====================+++++++++++++++++++开始+++++++++++++++++++================


其它输出：

2019-03-22 16:40:34:  {"name":"\u6cb3\u5317\u4fdd\u5b9a\u8dc3\u806a\u56ed\u6797\u6709\u9650\u516c\u53f8-\u51ac\u6885","phone":"18632293518","driver_name":"","type":"0","driver_phone":"","plate_number":"","photo":["\/admin\/upload\/maps\/f8bb0bff843e27cf97fa6f087c0a6954.jpg"],"remark":"","id":"4514","state":"1","gps":""}

写入时间：2019-03-22 16:40:34  成功信息：{"recordid":[],"state":1}
====================+++++++++++++++++++结束+++++++++++++++++++================



时间：2019-03-22 16:41:16   IP：221.192.179.230 Userid:107065
====================+++++++++++++++++++开始+++++++++++++++++++================


其它输出：

2019-03-22 16:41:16:  {"name":"\u6cb3\u5317\u4fdd\u5b9a\u8dc3\u806a\u56ed\u6797\u6709\u9650\u516c\u53f8-\u51ac\u6885","phone":"18632293518","driver_name":"","type":"0","driver_phone":"","plate_number":"","photo":["\/admin\/upload\/maps\/18fee007901886e15fb1af6daf0fb32b.jpg"],"remark":"","id":"4517","state":"1","gps":"38.163242,116.36496"}

写入时间：2019-03-22 16:41:16  成功信息：{"recordid":[],"state":1}
====================+++++++++++++++++++结束+++++++++++++++++++================



时间：2019-03-22 16:42:20   IP：221.192.179.230 Userid:107065
====================+++++++++++++++++++开始+++++++++++++++++++================


其它输出：

2019-03-22 16:42:20:  {"name":"\u6cb3\u5317\u4fdd\u5b9a\u8dc3\u806a\u56ed\u6797\u6709\u9650\u516c\u53f8-\u51ac\u6885","phone":"18632293518","driver_name":"","type":"0","driver_phone":"","plate_number":"","photo":["\/admin\/upload\/maps\/0a1cf8e60d8b77a880fe7e127731ed46.jpg"],"remark":"","id":"4516","state":"1","gps":"38.163242,116.36496"}

写入时间：2019-03-22 16:42:20  成功信息：{"recordid":[],"state":1}
====================+++++++++++++++++++结束+++++++++++++++++++================



时间：2019-03-22 16:43:46   IP：221.192.179.230 Userid:107065
====================+++++++++++++++++++开始+++++++++++++++++++================


其它输出：

2019-03-22 16:43:46:  {"name":"\u6cb3\u5317\u4fdd\u5b9a\u8dc3\u806a\u56ed\u6797\u6709\u9650\u516c\u53f8-\u51ac\u6885","phone":"18632293518","driver_name":"","type":"0","driver_phone":"","plate_number":"","photo":["\/admin\/upload\/maps\/49eac8816734e5b2a5f73c1f4afb3376.jpg"],"remark":"","id":"4518","state":"2","gps":"38.163242,116.36496"}

写入时间：2019-03-22 16:43:46  成功信息：{"recordid":[],"state":1}
====================+++++++++++++++++++结束+++++++++++++++++++================



时间：2019-03-22 16:44:58   IP：221.192.179.230 Userid:107065
====================+++++++++++++++++++开始+++++++++++++++++++================


其它输出：

2019-03-22 16:44:58:  {"name":"\u6cb3\u5317\u4fdd\u5b9a\u8dc3\u806a\u56ed\u6797\u6709\u9650\u516c\u53f8-\u51ac\u6885","phone":"18632293518","driver_name":"","type":"0","driver_phone":"","plate_number":"","photo":["\/admin\/upload\/maps\/f5551896f343a9a389d0014b0d407b76.jpg"],"remark":"","id":"4515","state":"1","gps":"38.163242,116.36496"}

写入时间：2019-03-22 16:44:58  成功信息：{"recordid":[],"state":1}
====================+++++++++++++++++++结束+++++++++++++++++++================


